CRITICAL - 2022-08-07 20:16:20 --> Trying to access array offset on value of type null
in APPPATH\Controllers\Parkir.php on line 74.
 1 APPPATH\Controllers\Parkir.php(74): CodeIgniter\Debug\Exceptions->errorHandler(8, 'Trying to access array offset on value of type null', 'APPPATH\\Controllers\\Parkir.php', 74, [...])
 2 SYSTEMPATH\CodeIgniter.php(896): App\Controllers\Parkir->update_posisi()
 3 SYSTEMPATH\CodeIgniter.php(466): CodeIgniter\CodeIgniter->runController(Object(App\Controllers\Parkir))
 4 SYSTEMPATH\CodeIgniter.php(349): CodeIgniter\CodeIgniter->handleRequest(null, Object(Config\Cache), false)
 5 FCPATH\index.php(55): CodeIgniter\CodeIgniter->run()
 6 SYSTEMPATH\Commands\Server\rewrite.php(43): require_once('FCPATH\\index.php')
CRITICAL - 2022-08-07 20:30:31 --> Call to a member function insertID() on null
in SYSTEMPATH\Model.php on line 282.
 1 SYSTEMPATH\BaseModel.php(738): CodeIgniter\Model->doInsert([...])
 2 SYSTEMPATH\Model.php(666): CodeIgniter\BaseModel->insert([...], false)
 3 SYSTEMPATH\BaseModel.php(658): CodeIgniter\Model->insert([...], false)
 4 APPPATH\Controllers\Parkir.php(107): CodeIgniter\BaseModel->save([...])
 5 SYSTEMPATH\CodeIgniter.php(896): App\Controllers\Parkir->tambah_parkir()
 6 SYSTEMPATH\CodeIgniter.php(466): CodeIgniter\CodeIgniter->runController(Object(App\Controllers\Parkir))
 7 SYSTEMPATH\CodeIgniter.php(349): CodeIgniter\CodeIgniter->handleRequest(null, Object(Config\Cache), false)
 8 FCPATH\index.php(55): CodeIgniter\CodeIgniter->run()
 9 SYSTEMPATH\Commands\Server\rewrite.php(43): require_once('FCPATH\\index.php')
CRITICAL - 2022-08-07 20:30:57 --> Call to a member function insertID() on null
in SYSTEMPATH\Model.php on line 282.
 1 SYSTEMPATH\BaseModel.php(738): CodeIgniter\Model->doInsert([...])
 2 SYSTEMPATH\Model.php(666): CodeIgniter\BaseModel->insert([...], true)
 3 APPPATH\Controllers\Parkir.php(107): CodeIgniter\Model->insert([...])
 4 SYSTEMPATH\CodeIgniter.php(896): App\Controllers\Parkir->tambah_parkir()
 5 SYSTEMPATH\CodeIgniter.php(466): CodeIgniter\CodeIgniter->runController(Object(App\Controllers\Parkir))
 6 SYSTEMPATH\CodeIgniter.php(349): CodeIgniter\CodeIgniter->handleRequest(null, Object(Config\Cache), false)
 7 FCPATH\index.php(55): CodeIgniter\CodeIgniter->run()
 8 SYSTEMPATH\Commands\Server\rewrite.php(43): require_once('FCPATH\\index.php')
CRITICAL - 2022-08-07 20:31:17 --> Call to a member function insertID() on null
in SYSTEMPATH\Model.php on line 282.
 1 SYSTEMPATH\BaseModel.php(738): CodeIgniter\Model->doInsert([...])
 2 SYSTEMPATH\Model.php(666): CodeIgniter\BaseModel->insert([...], true)
 3 APPPATH\Controllers\Parkir.php(107): CodeIgniter\Model->insert([...])
 4 SYSTEMPATH\CodeIgniter.php(896): App\Controllers\Parkir->tambah_parkir()
 5 SYSTEMPATH\CodeIgniter.php(466): CodeIgniter\CodeIgniter->runController(Object(App\Controllers\Parkir))
 6 SYSTEMPATH\CodeIgniter.php(349): CodeIgniter\CodeIgniter->handleRequest(null, Object(Config\Cache), false)
 7 FCPATH\index.php(55): CodeIgniter\CodeIgniter->run()
 8 SYSTEMPATH\Commands\Server\rewrite.php(43): require_once('FCPATH\\index.php')
CRITICAL - 2022-08-07 20:31:40 --> Call to a member function insertID() on null
in SYSTEMPATH\Model.php on line 282.
 1 SYSTEMPATH\BaseModel.php(738): CodeIgniter\Model->doInsert([...])
 2 SYSTEMPATH\Model.php(666): CodeIgniter\BaseModel->insert([...], false)
 3 SYSTEMPATH\BaseModel.php(658): CodeIgniter\Model->insert([...], false)
 4 APPPATH\Controllers\Parkir.php(107): CodeIgniter\BaseModel->save([...])
 5 SYSTEMPATH\CodeIgniter.php(896): App\Controllers\Parkir->tambah_parkir()
 6 SYSTEMPATH\CodeIgniter.php(466): CodeIgniter\CodeIgniter->runController(Object(App\Controllers\Parkir))
 7 SYSTEMPATH\CodeIgniter.php(349): CodeIgniter\CodeIgniter->handleRequest(null, Object(Config\Cache), false)
 8 FCPATH\index.php(55): CodeIgniter\CodeIgniter->run()
 9 SYSTEMPATH\Commands\Server\rewrite.php(43): require_once('FCPATH\\index.php')
CRITICAL - 2022-08-07 20:32:31 --> Call to a member function insertID() on null
in SYSTEMPATH\Model.php on line 282.
 1 SYSTEMPATH\BaseModel.php(738): CodeIgniter\Model->doInsert([...])
 2 SYSTEMPATH\Model.php(666): CodeIgniter\BaseModel->insert([...], false)
 3 SYSTEMPATH\BaseModel.php(658): CodeIgniter\Model->insert([...], false)
 4 APPPATH\Controllers\Parkir.php(107): CodeIgniter\BaseModel->save([...])
 5 SYSTEMPATH\CodeIgniter.php(896): App\Controllers\Parkir->tambah_parkir()
 6 SYSTEMPATH\CodeIgniter.php(466): CodeIgniter\CodeIgniter->runController(Object(App\Controllers\Parkir))
 7 SYSTEMPATH\CodeIgniter.php(349): CodeIgniter\CodeIgniter->handleRequest(null, Object(Config\Cache), false)
 8 FCPATH\index.php(55): CodeIgniter\CodeIgniter->run()
 9 SYSTEMPATH\Commands\Server\rewrite.php(43): require_once('FCPATH\\index.php')
CRITICAL - 2022-08-07 20:33:42 --> Call to a member function insertID() on null
in SYSTEMPATH\Model.php on line 282.
 1 SYSTEMPATH\BaseModel.php(738): CodeIgniter\Model->doInsert([...])
 2 SYSTEMPATH\Model.php(666): CodeIgniter\BaseModel->insert([...], false)
 3 SYSTEMPATH\BaseModel.php(658): CodeIgniter\Model->insert([...], false)
 4 APPPATH\Controllers\Parkir.php(106): CodeIgniter\BaseModel->save([...])
 5 SYSTEMPATH\CodeIgniter.php(896): App\Controllers\Parkir->tambah_parkir()
 6 SYSTEMPATH\CodeIgniter.php(466): CodeIgniter\CodeIgniter->runController(Object(App\Controllers\Parkir))
 7 SYSTEMPATH\CodeIgniter.php(349): CodeIgniter\CodeIgniter->handleRequest(null, Object(Config\Cache), false)
 8 FCPATH\index.php(55): CodeIgniter\CodeIgniter->run()
 9 SYSTEMPATH\Commands\Server\rewrite.php(43): require_once('FCPATH\\index.php')
CRITICAL - 2022-08-07 20:33:53 --> Call to a member function insertID() on null
in SYSTEMPATH\Model.php on line 282.
 1 SYSTEMPATH\BaseModel.php(738): CodeIgniter\Model->doInsert([...])
 2 SYSTEMPATH\Model.php(666): CodeIgniter\BaseModel->insert([...], false)
 3 SYSTEMPATH\BaseModel.php(658): CodeIgniter\Model->insert([...], false)
 4 APPPATH\Controllers\Parkir.php(106): CodeIgniter\BaseModel->save([...])
 5 SYSTEMPATH\CodeIgniter.php(896): App\Controllers\Parkir->tambah_parkir()
 6 SYSTEMPATH\CodeIgniter.php(466): CodeIgniter\CodeIgniter->runController(Object(App\Controllers\Parkir))
 7 SYSTEMPATH\CodeIgniter.php(349): CodeIgniter\CodeIgniter->handleRequest(null, Object(Config\Cache), false)
 8 FCPATH\index.php(55): CodeIgniter\CodeIgniter->run()
 9 SYSTEMPATH\Commands\Server\rewrite.php(43): require_once('FCPATH\\index.php')
CRITICAL - 2022-08-07 20:34:14 --> Call to a member function insertID() on null
in SYSTEMPATH\Model.php on line 282.
 1 SYSTEMPATH\BaseModel.php(738): CodeIgniter\Model->doInsert([...])
 2 SYSTEMPATH\Model.php(666): CodeIgniter\BaseModel->insert([...], false)
 3 SYSTEMPATH\BaseModel.php(658): CodeIgniter\Model->insert([...], false)
 4 APPPATH\Controllers\Parkir.php(107): CodeIgniter\BaseModel->save([...])
 5 SYSTEMPATH\CodeIgniter.php(896): App\Controllers\Parkir->tambah_parkir()
 6 SYSTEMPATH\CodeIgniter.php(466): CodeIgniter\CodeIgniter->runController(Object(App\Controllers\Parkir))
 7 SYSTEMPATH\CodeIgniter.php(349): CodeIgniter\CodeIgniter->handleRequest(null, Object(Config\Cache), false)
 8 FCPATH\index.php(55): CodeIgniter\CodeIgniter->run()
 9 SYSTEMPATH\Commands\Server\rewrite.php(43): require_once('FCPATH\\index.php')
ERROR - 2022-08-07 20:43:26 --> Unknown column 'posisi' in 'where clause'
CRITICAL - 2022-08-07 20:43:26 --> Unknown column 'posisi' in 'where clause'
in SYSTEMPATH\Database\MySQLi\Connection.php on line 292.
 1 SYSTEMPATH\Database\MySQLi\Connection.php(292): mysqli->query('SELECT *
FROM `tb_parking`
WHERE `grup` = \'A\'
AND `posisi` = \'3\'', 0)
 2 SYSTEMPATH\Database\BaseConnection.php(695): CodeIgniter\Database\MySQLi\Connection->execute('SELECT *
FROM `tb_parking`
WHERE `grup` = \'A\'
AND `posisi` = \'3\'')
 3 SYSTEMPATH\Database\BaseConnection.php(609): CodeIgniter\Database\BaseConnection->simpleQuery('SELECT *
FROM `tb_parking`
WHERE `grup` = \'A\'
AND `posisi` = \'3\'')
 4 SYSTEMPATH\Database\BaseBuilder.php(1585): CodeIgniter\Database\BaseConnection->query('SELECT *
FROM `tb_parking`
WHERE `grup` = :grup:
AND `posisi` = :posisi:', [...], false)
 5 SYSTEMPATH\Model.php(771): CodeIgniter\Database\BaseBuilder->get()
 6 APPPATH\Controllers\Parkir.php(56): CodeIgniter\Model->__call('get', [])
 7 SYSTEMPATH\CodeIgniter.php(896): App\Controllers\Parkir->get_detail()
 8 SYSTEMPATH\CodeIgniter.php(466): CodeIgniter\CodeIgniter->runController(Object(App\Controllers\Parkir))
 9 SYSTEMPATH\CodeIgniter.php(349): CodeIgniter\CodeIgniter->handleRequest(null, Object(Config\Cache), false)
10 FCPATH\index.php(55): CodeIgniter\CodeIgniter->run()
11 SYSTEMPATH\Commands\Server\rewrite.php(43): require_once('FCPATH\\index.php')
ERROR - 2022-08-07 20:43:38 --> Unknown column 'posisi' in 'where clause'
CRITICAL - 2022-08-07 20:43:38 --> Unknown column 'posisi' in 'where clause'
in SYSTEMPATH\Database\MySQLi\Connection.php on line 292.
 1 SYSTEMPATH\Database\MySQLi\Connection.php(292): mysqli->query('SELECT *
FROM `tb_parking`
WHERE `grup` = \'A\'
AND `posisi` = \'3\'
 LIMIT 1', 0)
 2 SYSTEMPATH\Database\BaseConnection.php(695): CodeIgniter\Database\MySQLi\Connection->execute('SELECT *
FROM `tb_parking`
WHERE `grup` = \'A\'
AND `posisi` = \'3\'
 LIMIT 1')
 3 SYSTEMPATH\Database\BaseConnection.php(609): CodeIgniter\Database\BaseConnection->simpleQuery('SELECT *
FROM `tb_parking`
WHERE `grup` = \'A\'
AND `posisi` = \'3\'
 LIMIT 1')
 4 SYSTEMPATH\Database\BaseBuilder.php(1585): CodeIgniter\Database\BaseConnection->query('SELECT *
FROM `tb_parking`
WHERE `grup` = :grup:
AND `posisi` = :posisi:
 LIMIT 1', [...], false)
 5 SYSTEMPATH\Model.php(249): CodeIgniter\Database\BaseBuilder->get()
 6 SYSTEMPATH\BaseModel.php(622): CodeIgniter\Model->doFirst()
 7 APPPATH\Controllers\Parkir.php(56): CodeIgniter\BaseModel->first()
 8 SYSTEMPATH\CodeIgniter.php(896): App\Controllers\Parkir->get_detail()
 9 SYSTEMPATH\CodeIgniter.php(466): CodeIgniter\CodeIgniter->runController(Object(App\Controllers\Parkir))
10 SYSTEMPATH\CodeIgniter.php(349): CodeIgniter\CodeIgniter->handleRequest(null, Object(Config\Cache), false)
11 FCPATH\index.php(55): CodeIgniter\CodeIgniter->run()
12 SYSTEMPATH\Commands\Server\rewrite.php(43): require_once('FCPATH\\index.php')
ERROR - 2022-08-07 20:44:35 --> Unknown column 'posisi' in 'where clause'
CRITICAL - 2022-08-07 20:44:35 --> Unknown column 'posisi' in 'where clause'
in SYSTEMPATH\Database\MySQLi\Connection.php on line 292.
 1 SYSTEMPATH\Database\MySQLi\Connection.php(292): mysqli->query('SELECT *
FROM `tb_parking`
WHERE `grup` = \'A\'
AND `posisi` = \'3\'
 LIMIT 1', 0)
 2 SYSTEMPATH\Database\BaseConnection.php(695): CodeIgniter\Database\MySQLi\Connection->execute('SELECT *
FROM `tb_parking`
WHERE `grup` = \'A\'
AND `posisi` = \'3\'
 LIMIT 1')
 3 SYSTEMPATH\Database\BaseConnection.php(609): CodeIgniter\Database\BaseConnection->simpleQuery('SELECT *
FROM `tb_parking`
WHERE `grup` = \'A\'
AND `posisi` = \'3\'
 LIMIT 1')
 4 SYSTEMPATH\Database\BaseBuilder.php(1585): CodeIgniter\Database\BaseConnection->query('SELECT *
FROM `tb_parking`
WHERE `grup` = :grup:
AND `posisi` = :posisi:
 LIMIT 1', [...], false)
 5 SYSTEMPATH\Model.php(249): CodeIgniter\Database\BaseBuilder->get()
 6 SYSTEMPATH\BaseModel.php(622): CodeIgniter\Model->doFirst()
 7 APPPATH\Controllers\Parkir.php(65): CodeIgniter\BaseModel->first()
 8 SYSTEMPATH\CodeIgniter.php(896): App\Controllers\Parkir->get_detail()
 9 SYSTEMPATH\CodeIgniter.php(466): CodeIgniter\CodeIgniter->runController(Object(App\Controllers\Parkir))
10 SYSTEMPATH\CodeIgniter.php(349): CodeIgniter\CodeIgniter->handleRequest(null, Object(Config\Cache), false)
11 FCPATH\index.php(55): CodeIgniter\CodeIgniter->run()
12 SYSTEMPATH\Commands\Server\rewrite.php(43): require_once('FCPATH\\index.php')
ERROR - 2022-08-07 20:44:40 --> Unknown column 'posisi' in 'where clause'
CRITICAL - 2022-08-07 20:44:40 --> Unknown column 'posisi' in 'where clause'
in SYSTEMPATH\Database\MySQLi\Connection.php on line 292.
 1 SYSTEMPATH\Database\MySQLi\Connection.php(292): mysqli->query('SELECT *
FROM `tb_parking`
WHERE `grup` = \'A\'
AND `posisi` = \'3\'', 0)
 2 SYSTEMPATH\Database\BaseConnection.php(695): CodeIgniter\Database\MySQLi\Connection->execute('SELECT *
FROM `tb_parking`
WHERE `grup` = \'A\'
AND `posisi` = \'3\'')
 3 SYSTEMPATH\Database\BaseConnection.php(609): CodeIgniter\Database\BaseConnection->simpleQuery('SELECT *
FROM `tb_parking`
WHERE `grup` = \'A\'
AND `posisi` = \'3\'')
 4 SYSTEMPATH\Database\BaseBuilder.php(1585): CodeIgniter\Database\BaseConnection->query('SELECT *
FROM `tb_parking`
WHERE `grup` = :grup:
AND `posisi` = :posisi:', [...], false)
 5 SYSTEMPATH\Model.php(771): CodeIgniter\Database\BaseBuilder->get()
 6 APPPATH\Controllers\Parkir.php(65): CodeIgniter\Model->__call('get', [])
 7 SYSTEMPATH\CodeIgniter.php(896): App\Controllers\Parkir->get_detail()
 8 SYSTEMPATH\CodeIgniter.php(466): CodeIgniter\CodeIgniter->runController(Object(App\Controllers\Parkir))
 9 SYSTEMPATH\CodeIgniter.php(349): CodeIgniter\CodeIgniter->handleRequest(null, Object(Config\Cache), false)
10 FCPATH\index.php(55): CodeIgniter\CodeIgniter->run()
11 SYSTEMPATH\Commands\Server\rewrite.php(43): require_once('FCPATH\\index.php')
ERROR - 2022-08-07 20:44:52 --> Unknown column 'posisi' in 'where clause'
CRITICAL - 2022-08-07 20:44:52 --> Unknown column 'posisi' in 'where clause'
in SYSTEMPATH\Database\MySQLi\Connection.php on line 292.
 1 SYSTEMPATH\Database\MySQLi\Connection.php(292): mysqli->query('SELECT *
FROM `tb_parking`
WHERE `grup` = \'A\'
AND `posisi` = \'3\'', 0)
 2 SYSTEMPATH\Database\BaseConnection.php(695): CodeIgniter\Database\MySQLi\Connection->execute('SELECT *
FROM `tb_parking`
WHERE `grup` = \'A\'
AND `posisi` = \'3\'')
 3 SYSTEMPATH\Database\BaseConnection.php(609): CodeIgniter\Database\BaseConnection->simpleQuery('SELECT *
FROM `tb_parking`
WHERE `grup` = \'A\'
AND `posisi` = \'3\'')
 4 SYSTEMPATH\Database\BaseBuilder.php(1585): CodeIgniter\Database\BaseConnection->query('SELECT *
FROM `tb_parking`
WHERE `grup` = :grup:
AND `posisi` = :posisi:', [...], false)
 5 SYSTEMPATH\Model.php(771): CodeIgniter\Database\BaseBuilder->get()
 6 APPPATH\Controllers\Parkir.php(65): CodeIgniter\Model->__call('get', [])
 7 SYSTEMPATH\CodeIgniter.php(896): App\Controllers\Parkir->get_detail()
 8 SYSTEMPATH\CodeIgniter.php(466): CodeIgniter\CodeIgniter->runController(Object(App\Controllers\Parkir))
 9 SYSTEMPATH\CodeIgniter.php(349): CodeIgniter\CodeIgniter->handleRequest(null, Object(Config\Cache), false)
10 FCPATH\index.php(55): CodeIgniter\CodeIgniter->run()
11 SYSTEMPATH\Commands\Server\rewrite.php(43): require_once('FCPATH\\index.php')
ERROR - 2022-08-07 20:44:58 --> Unknown column 'posisi' in 'where clause'
CRITICAL - 2022-08-07 20:44:58 --> Unknown column 'posisi' in 'where clause'
in SYSTEMPATH\Database\MySQLi\Connection.php on line 292.
 1 SYSTEMPATH\Database\MySQLi\Connection.php(292): mysqli->query('SELECT *
FROM `tb_parking`
WHERE `grup` = \'A\'
AND `posisi` = \'3\'
 LIMIT 1', 0)
 2 SYSTEMPATH\Database\BaseConnection.php(695): CodeIgniter\Database\MySQLi\Connection->execute('SELECT *
FROM `tb_parking`
WHERE `grup` = \'A\'
AND `posisi` = \'3\'
 LIMIT 1')
 3 SYSTEMPATH\Database\BaseConnection.php(609): CodeIgniter\Database\BaseConnection->simpleQuery('SELECT *
FROM `tb_parking`
WHERE `grup` = \'A\'
AND `posisi` = \'3\'
 LIMIT 1')
 4 SYSTEMPATH\Database\BaseBuilder.php(1585): CodeIgniter\Database\BaseConnection->query('SELECT *
FROM `tb_parking`
WHERE `grup` = :grup:
AND `posisi` = :posisi:
 LIMIT 1', [...], false)
 5 SYSTEMPATH\Model.php(249): CodeIgniter\Database\BaseBuilder->get()
 6 SYSTEMPATH\BaseModel.php(622): CodeIgniter\Model->doFirst()
 7 APPPATH\Controllers\Parkir.php(65): CodeIgniter\BaseModel->first()
 8 SYSTEMPATH\CodeIgniter.php(896): App\Controllers\Parkir->get_detail()
 9 SYSTEMPATH\CodeIgniter.php(466): CodeIgniter\CodeIgniter->runController(Object(App\Controllers\Parkir))
10 SYSTEMPATH\CodeIgniter.php(349): CodeIgniter\CodeIgniter->handleRequest(null, Object(Config\Cache), false)
11 FCPATH\index.php(55): CodeIgniter\CodeIgniter->run()
12 SYSTEMPATH\Commands\Server\rewrite.php(43): require_once('FCPATH\\index.php')
CRITICAL - 2022-08-07 20:45:51 --> Call to undefined method App\Models\ParkirModel::getFirstRow
in SYSTEMPATH\Model.php on line 773.
 1 APPPATH\Controllers\Parkir.php(65): CodeIgniter\Model->__call('getFirstRow', [])
 2 SYSTEMPATH\CodeIgniter.php(896): App\Controllers\Parkir->get_detail()
 3 SYSTEMPATH\CodeIgniter.php(466): CodeIgniter\CodeIgniter->runController(Object(App\Controllers\Parkir))
 4 SYSTEMPATH\CodeIgniter.php(349): CodeIgniter\CodeIgniter->handleRequest(null, Object(Config\Cache), false)
 5 FCPATH\index.php(55): CodeIgniter\CodeIgniter->run()
 6 SYSTEMPATH\Commands\Server\rewrite.php(43): require_once('FCPATH\\index.php')
CRITICAL - 2022-08-07 20:46:20 --> Call to undefined method App\Models\ParkirModel::getFirstRow
in SYSTEMPATH\Model.php on line 773.
 1 APPPATH\Controllers\Parkir.php(65): CodeIgniter\Model->__call('getFirstRow', [])
 2 SYSTEMPATH\CodeIgniter.php(896): App\Controllers\Parkir->get_detail()
 3 SYSTEMPATH\CodeIgniter.php(466): CodeIgniter\CodeIgniter->runController(Object(App\Controllers\Parkir))
 4 SYSTEMPATH\CodeIgniter.php(349): CodeIgniter\CodeIgniter->handleRequest(null, Object(Config\Cache), false)
 5 FCPATH\index.php(55): CodeIgniter\CodeIgniter->run()
 6 SYSTEMPATH\Commands\Server\rewrite.php(43): require_once('FCPATH\\index.php')
ERROR - 2022-08-07 21:18:19 --> Unknown column 'posisi' in 'where clause'
CRITICAL - 2022-08-07 21:18:19 --> Unknown column 'posisi' in 'where clause'
in SYSTEMPATH\Database\MySQLi\Connection.php on line 292.
 1 SYSTEMPATH\Database\MySQLi\Connection.php(292): mysqli->query('DELETE FROM `tb_parking`
WHERE `posisi` = 1
AND `grup` = \'A\'', 0)
 2 SYSTEMPATH\Database\BaseConnection.php(695): CodeIgniter\Database\MySQLi\Connection->execute('DELETE FROM `tb_parking`
WHERE `posisi` = 1
AND `grup` = \'A\'')
 3 SYSTEMPATH\Database\BaseConnection.php(609): CodeIgniter\Database\BaseConnection->simpleQuery('DELETE FROM `tb_parking`
WHERE `posisi` = 1
AND `grup` = \'A\'')
 4 SYSTEMPATH\Database\BaseBuilder.php(2358): CodeIgniter\Database\BaseConnection->query('DELETE FROM `tb_parking`
WHERE `posisi` = :posisi:
AND `grup` = :grup:', [...], false)
 5 APPPATH\Models\ParkirModel.php(52): CodeIgniter\Database\BaseBuilder->delete()
 6 APPPATH\Controllers\Parkir.php(21): App\Models\ParkirModel->_deleteParkir(1, 'A')
 7 SYSTEMPATH\CodeIgniter.php(896): App\Controllers\Parkir->index()
 8 SYSTEMPATH\CodeIgniter.php(466): CodeIgniter\CodeIgniter->runController(Object(App\Controllers\Parkir))
 9 SYSTEMPATH\CodeIgniter.php(349): CodeIgniter\CodeIgniter->handleRequest(null, Object(Config\Cache), false)
10 FCPATH\index.php(55): CodeIgniter\CodeIgniter->run()
11 SYSTEMPATH\Commands\Server\rewrite.php(43): require_once('FCPATH\\index.php')
CRITICAL - 2022-08-07 21:19:43 --> Undefined variable: posisi
in APPPATH\Controllers\Parkir.php on line 145.
 1 APPPATH\Controllers\Parkir.php(145): CodeIgniter\Debug\Exceptions->errorHandler(8, 'Undefined variable: posisi', 'APPPATH\\Controllers\\Parkir.php', 145, [])
 2 SYSTEMPATH\CodeIgniter.php(896): App\Controllers\Parkir->delete_parkir()
 3 SYSTEMPATH\CodeIgniter.php(466): CodeIgniter\CodeIgniter->runController(Object(App\Controllers\Parkir))
 4 SYSTEMPATH\CodeIgniter.php(349): CodeIgniter\CodeIgniter->handleRequest(null, Object(Config\Cache), false)
 5 FCPATH\index.php(55): CodeIgniter\CodeIgniter->run()
 6 SYSTEMPATH\Commands\Server\rewrite.php(43): require_once('FCPATH\\index.php')
CRITICAL - 2022-08-07 21:19:44 --> Undefined variable: posisi
in APPPATH\Controllers\Parkir.php on line 145.
 1 APPPATH\Controllers\Parkir.php(145): CodeIgniter\Debug\Exceptions->errorHandler(8, 'Undefined variable: posisi', 'APPPATH\\Controllers\\Parkir.php', 145, [])
 2 SYSTEMPATH\CodeIgniter.php(896): App\Controllers\Parkir->delete_parkir()
 3 SYSTEMPATH\CodeIgniter.php(466): CodeIgniter\CodeIgniter->runController(Object(App\Controllers\Parkir))
 4 SYSTEMPATH\CodeIgniter.php(349): CodeIgniter\CodeIgniter->handleRequest(null, Object(Config\Cache), false)
 5 FCPATH\index.php(55): CodeIgniter\CodeIgniter->run()
 6 SYSTEMPATH\Commands\Server\rewrite.php(43): require_once('FCPATH\\index.php')
CRITICAL - 2022-08-07 21:20:53 --> Undefined index: posisi
in APPPATH\Controllers\Parkir.php on line 147.
 1 APPPATH\Controllers\Parkir.php(147): CodeIgniter\Debug\Exceptions->errorHandler(8, 'Undefined index: posisi', 'APPPATH\\Controllers\\Parkir.php', 147, [])
 2 SYSTEMPATH\CodeIgniter.php(896): App\Controllers\Parkir->delete_parkir()
 3 SYSTEMPATH\CodeIgniter.php(466): CodeIgniter\CodeIgniter->runController(Object(App\Controllers\Parkir))
 4 SYSTEMPATH\CodeIgniter.php(349): CodeIgniter\CodeIgniter->handleRequest(null, Object(Config\Cache), false)
 5 FCPATH\index.php(55): CodeIgniter\CodeIgniter->run()
 6 SYSTEMPATH\Commands\Server\rewrite.php(43): require_once('FCPATH\\index.php')
CRITICAL - 2022-08-07 21:20:54 --> Undefined index: posisi
in APPPATH\Controllers\Parkir.php on line 147.
 1 APPPATH\Controllers\Parkir.php(147): CodeIgniter\Debug\Exceptions->errorHandler(8, 'Undefined index: posisi', 'APPPATH\\Controllers\\Parkir.php', 147, [])
 2 SYSTEMPATH\CodeIgniter.php(896): App\Controllers\Parkir->delete_parkir()
 3 SYSTEMPATH\CodeIgniter.php(466): CodeIgniter\CodeIgniter->runController(Object(App\Controllers\Parkir))
 4 SYSTEMPATH\CodeIgniter.php(349): CodeIgniter\CodeIgniter->handleRequest(null, Object(Config\Cache), false)
 5 FCPATH\index.php(55): CodeIgniter\CodeIgniter->run()
 6 SYSTEMPATH\Commands\Server\rewrite.php(43): require_once('FCPATH\\index.php')
CRITICAL - 2022-08-07 21:20:54 --> Undefined index: posisi
in APPPATH\Controllers\Parkir.php on line 147.
 1 APPPATH\Controllers\Parkir.php(147): CodeIgniter\Debug\Exceptions->errorHandler(8, 'Undefined index: posisi', 'APPPATH\\Controllers\\Parkir.php', 147, [])
 2 SYSTEMPATH\CodeIgniter.php(896): App\Controllers\Parkir->delete_parkir()
 3 SYSTEMPATH\CodeIgniter.php(466): CodeIgniter\CodeIgniter->runController(Object(App\Controllers\Parkir))
 4 SYSTEMPATH\CodeIgniter.php(349): CodeIgniter\CodeIgniter->handleRequest(null, Object(Config\Cache), false)
 5 FCPATH\index.php(55): CodeIgniter\CodeIgniter->run()
 6 SYSTEMPATH\Commands\Server\rewrite.php(43): require_once('FCPATH\\index.php')
CRITICAL - 2022-08-07 21:20:54 --> Undefined index: posisi
in APPPATH\Controllers\Parkir.php on line 147.
 1 APPPATH\Controllers\Parkir.php(147): CodeIgniter\Debug\Exceptions->errorHandler(8, 'Undefined index: posisi', 'APPPATH\\Controllers\\Parkir.php', 147, [])
 2 SYSTEMPATH\CodeIgniter.php(896): App\Controllers\Parkir->delete_parkir()
 3 SYSTEMPATH\CodeIgniter.php(466): CodeIgniter\CodeIgniter->runController(Object(App\Controllers\Parkir))
 4 SYSTEMPATH\CodeIgniter.php(349): CodeIgniter\CodeIgniter->handleRequest(null, Object(Config\Cache), false)
 5 FCPATH\index.php(55): CodeIgniter\CodeIgniter->run()
 6 SYSTEMPATH\Commands\Server\rewrite.php(43): require_once('FCPATH\\index.php')
CRITICAL - 2022-08-07 21:42:19 --> Trying to access array offset on value of type null
in APPPATH\Controllers\Parkir.php on line 88.
 1 APPPATH\Controllers\Parkir.php(88): CodeIgniter\Debug\Exceptions->errorHandler(8, 'Trying to access array offset on value of type null', 'APPPATH\\Controllers\\Parkir.php', 88, [...])
 2 SYSTEMPATH\CodeIgniter.php(896): App\Controllers\Parkir->update_posisi()
 3 SYSTEMPATH\CodeIgniter.php(466): CodeIgniter\CodeIgniter->runController(Object(App\Controllers\Parkir))
 4 SYSTEMPATH\CodeIgniter.php(349): CodeIgniter\CodeIgniter->handleRequest(null, Object(Config\Cache), false)
 5 FCPATH\index.php(55): CodeIgniter\CodeIgniter->run()
 6 SYSTEMPATH\Commands\Server\rewrite.php(43): require_once('FCPATH\\index.php')
CRITICAL - 2022-08-07 21:42:21 --> Trying to access array offset on value of type null
in APPPATH\Controllers\Parkir.php on line 88.
 1 APPPATH\Controllers\Parkir.php(88): CodeIgniter\Debug\Exceptions->errorHandler(8, 'Trying to access array offset on value of type null', 'APPPATH\\Controllers\\Parkir.php', 88, [...])
 2 SYSTEMPATH\CodeIgniter.php(896): App\Controllers\Parkir->update_posisi()
 3 SYSTEMPATH\CodeIgniter.php(466): CodeIgniter\CodeIgniter->runController(Object(App\Controllers\Parkir))
 4 SYSTEMPATH\CodeIgniter.php(349): CodeIgniter\CodeIgniter->handleRequest(null, Object(Config\Cache), false)
 5 FCPATH\index.php(55): CodeIgniter\CodeIgniter->run()
 6 SYSTEMPATH\Commands\Server\rewrite.php(43): require_once('FCPATH\\index.php')
CRITICAL - 2022-08-07 21:42:22 --> Trying to access array offset on value of type null
in APPPATH\Controllers\Parkir.php on line 88.
 1 APPPATH\Controllers\Parkir.php(88): CodeIgniter\Debug\Exceptions->errorHandler(8, 'Trying to access array offset on value of type null', 'APPPATH\\Controllers\\Parkir.php', 88, [...])
 2 SYSTEMPATH\CodeIgniter.php(896): App\Controllers\Parkir->update_posisi()
 3 SYSTEMPATH\CodeIgniter.php(466): CodeIgniter\CodeIgniter->runController(Object(App\Controllers\Parkir))
 4 SYSTEMPATH\CodeIgniter.php(349): CodeIgniter\CodeIgniter->handleRequest(null, Object(Config\Cache), false)
 5 FCPATH\index.php(55): CodeIgniter\CodeIgniter->run()
 6 SYSTEMPATH\Commands\Server\rewrite.php(43): require_once('FCPATH\\index.php')
CRITICAL - 2022-08-07 21:42:34 --> Trying to access array offset on value of type null
in APPPATH\Controllers\Parkir.php on line 88.
 1 APPPATH\Controllers\Parkir.php(88): CodeIgniter\Debug\Exceptions->errorHandler(8, 'Trying to access array offset on value of type null', 'APPPATH\\Controllers\\Parkir.php', 88, [...])
 2 SYSTEMPATH\CodeIgniter.php(896): App\Controllers\Parkir->update_posisi()
 3 SYSTEMPATH\CodeIgniter.php(466): CodeIgniter\CodeIgniter->runController(Object(App\Controllers\Parkir))
 4 SYSTEMPATH\CodeIgniter.php(349): CodeIgniter\CodeIgniter->handleRequest(null, Object(Config\Cache), false)
 5 FCPATH\index.php(55): CodeIgniter\CodeIgniter->run()
 6 SYSTEMPATH\Commands\Server\rewrite.php(43): require_once('FCPATH\\index.php')
CRITICAL - 2022-08-07 21:43:32 --> Trying to access array offset on value of type null
in APPPATH\Controllers\Parkir.php on line 88.
 1 APPPATH\Controllers\Parkir.php(88): CodeIgniter\Debug\Exceptions->errorHandler(8, 'Trying to access array offset on value of type null', 'APPPATH\\Controllers\\Parkir.php', 88, [...])
 2 SYSTEMPATH\CodeIgniter.php(896): App\Controllers\Parkir->update_posisi()
 3 SYSTEMPATH\CodeIgniter.php(466): CodeIgniter\CodeIgniter->runController(Object(App\Controllers\Parkir))
 4 SYSTEMPATH\CodeIgniter.php(349): CodeIgniter\CodeIgniter->handleRequest(null, Object(Config\Cache), false)
 5 FCPATH\index.php(55): CodeIgniter\CodeIgniter->run()
 6 SYSTEMPATH\Commands\Server\rewrite.php(43): require_once('FCPATH\\index.php')
CRITICAL - 2022-08-07 21:43:37 --> Trying to access array offset on value of type null
in APPPATH\Controllers\Parkir.php on line 88.
 1 APPPATH\Controllers\Parkir.php(88): CodeIgniter\Debug\Exceptions->errorHandler(8, 'Trying to access array offset on value of type null', 'APPPATH\\Controllers\\Parkir.php', 88, [...])
 2 SYSTEMPATH\CodeIgniter.php(896): App\Controllers\Parkir->update_posisi()
 3 SYSTEMPATH\CodeIgniter.php(466): CodeIgniter\CodeIgniter->runController(Object(App\Controllers\Parkir))
 4 SYSTEMPATH\CodeIgniter.php(349): CodeIgniter\CodeIgniter->handleRequest(null, Object(Config\Cache), false)
 5 FCPATH\index.php(55): CodeIgniter\CodeIgniter->run()
 6 SYSTEMPATH\Commands\Server\rewrite.php(43): require_once('FCPATH\\index.php')
CRITICAL - 2022-08-07 21:43:38 --> Trying to access array offset on value of type null
in APPPATH\Controllers\Parkir.php on line 88.
 1 APPPATH\Controllers\Parkir.php(88): CodeIgniter\Debug\Exceptions->errorHandler(8, 'Trying to access array offset on value of type null', 'APPPATH\\Controllers\\Parkir.php', 88, [...])
 2 SYSTEMPATH\CodeIgniter.php(896): App\Controllers\Parkir->update_posisi()
 3 SYSTEMPATH\CodeIgniter.php(466): CodeIgniter\CodeIgniter->runController(Object(App\Controllers\Parkir))
 4 SYSTEMPATH\CodeIgniter.php(349): CodeIgniter\CodeIgniter->handleRequest(null, Object(Config\Cache), false)
 5 FCPATH\index.php(55): CodeIgniter\CodeIgniter->run()
 6 SYSTEMPATH\Commands\Server\rewrite.php(43): require_once('FCPATH\\index.php')
CRITICAL - 2022-08-07 21:43:39 --> Trying to access array offset on value of type null
in APPPATH\Controllers\Parkir.php on line 88.
 1 APPPATH\Controllers\Parkir.php(88): CodeIgniter\Debug\Exceptions->errorHandler(8, 'Trying to access array offset on value of type null', 'APPPATH\\Controllers\\Parkir.php', 88, [...])
 2 SYSTEMPATH\CodeIgniter.php(896): App\Controllers\Parkir->update_posisi()
 3 SYSTEMPATH\CodeIgniter.php(466): CodeIgniter\CodeIgniter->runController(Object(App\Controllers\Parkir))
 4 SYSTEMPATH\CodeIgniter.php(349): CodeIgniter\CodeIgniter->handleRequest(null, Object(Config\Cache), false)
 5 FCPATH\index.php(55): CodeIgniter\CodeIgniter->run()
 6 SYSTEMPATH\Commands\Server\rewrite.php(43): require_once('FCPATH\\index.php')
CRITICAL - 2022-08-07 23:44:41 --> syntax error, unexpected 'if' (T_IF), expecting ':'
in APPPATH\Views\templates\app.php on line 14.
 1 SYSTEMPATH\View\View.php(216): CodeIgniter\View\View->CodeIgniter\View\{closure}()
 2 SYSTEMPATH\View\View.php(229): CodeIgniter\View\View->render('templates/app', [], true)
 3 SYSTEMPATH\Common.php(1135): CodeIgniter\View\View->render('pages/stall_bp', [], true)
 4 APPPATH\Controllers\Parkir.php(57): view('pages/stall_bp', [...])
 5 SYSTEMPATH\CodeIgniter.php(896): App\Controllers\Parkir->stall_bp()
 6 SYSTEMPATH\CodeIgniter.php(466): CodeIgniter\CodeIgniter->runController(Object(App\Controllers\Parkir))
 7 SYSTEMPATH\CodeIgniter.php(349): CodeIgniter\CodeIgniter->handleRequest(null, Object(Config\Cache), false)
 8 FCPATH\index.php(55): CodeIgniter\CodeIgniter->run()
 9 SYSTEMPATH\Commands\Server\rewrite.php(43): require_once('FCPATH\\index.php')
