CRITICAL - 2025-07-22 10:02:23 --> Invalid file: pages/main.php
in SYSTEMPATH\Exceptions\FrameworkException.php on line 33.
 1 SYSTEMPATH\View\View.php(201): CodeIgniter\Exceptions\FrameworkException::forInvalidFile('pages/main.php')
 2 SYSTEMPATH\Common.php(1135): CodeIgniter\View\View->render('pages/main', [], true)
 3 APPPATH\Controllers\Summary.php(62): view('pages/main', [...])
 4 SYSTEMPATH\CodeIgniter.php(898): App\Controllers\Summary->index()
 5 SYSTEMPATH\CodeIgniter.php(468): CodeIgniter\CodeIgniter->runController(Object(App\Controllers\Summary))
 6 SYSTEMPATH\CodeIgniter.php(351): CodeIgniter\CodeIgniter->handleRequest(null, Object(Config\Cache), false)
 7 FCPATH\index.php(55): CodeIgniter\CodeIgniter->run()
 8 SYSTEMPATH\Commands\Server\rewrite.php(43): require_once('FCPATH\\index.php')
CRITICAL - 2025-07-22 14:02:24 --> syntax error, unexpected token "endfor", expecting "elseif" or "else" or "endif"
in APPPATH\Views\pages\bp.php on line 61.
 1 SYSTEMPATH\View\View.php(216): CodeIgniter\View\View->CodeIgniter\View\{closure}()
 2 SYSTEMPATH\Common.php(1135): CodeIgniter\View\View->render('pages/bp', [], true)
 3 APPPATH\Controllers\Parkir.php(193): view('pages/bp', [...])
 4 SYSTEMPATH\CodeIgniter.php(898): App\Controllers\Parkir->stall_bp()
 5 SYSTEMPATH\CodeIgniter.php(468): CodeIgniter\CodeIgniter->runController(Object(App\Controllers\Parkir))
 6 SYSTEMPATH\CodeIgniter.php(351): CodeIgniter\CodeIgniter->handleRequest(null, Object(Config\Cache), false)
 7 FCPATH\index.php(55): CodeIgniter\CodeIgniter->run()
 8 SYSTEMPATH\Commands\Server\rewrite.php(43): require_once('FCPATH\\index.php')
CRITICAL - 2025-07-22 14:20:59 --> syntax error, unexpected token "}"
in APPPATH\Views\pages\bp.php on line 99.
 1 SYSTEMPATH\View\View.php(216): CodeIgniter\View\View->CodeIgniter\View\{closure}()
 2 SYSTEMPATH\Common.php(1135): CodeIgniter\View\View->render('pages/bp', [], true)
 3 APPPATH\Controllers\Parkir.php(193): view('pages/bp', [...])
 4 SYSTEMPATH\CodeIgniter.php(898): App\Controllers\Parkir->stall_bp()
 5 SYSTEMPATH\CodeIgniter.php(468): CodeIgniter\CodeIgniter->runController(Object(App\Controllers\Parkir))
 6 SYSTEMPATH\CodeIgniter.php(351): CodeIgniter\CodeIgniter->handleRequest(null, Object(Config\Cache), false)
 7 FCPATH\index.php(55): CodeIgniter\CodeIgniter->run()
 8 SYSTEMPATH\Commands\Server\rewrite.php(43): require_once('FCPATH\\index.php')
CRITICAL - 2025-07-22 14:25:47 --> Trying to access array offset on value of type null
in APPPATH\Controllers\Parkir.php on line 379.
 1 APPPATH\Controllers\Parkir.php(379): CodeIgniter\Debug\Exceptions->errorHandler(2, 'Trying to access array offset on value of type null', 'APPPATH\\Controllers\\Parkir.php', 379)
 2 SYSTEMPATH\CodeIgniter.php(898): App\Controllers\Parkir->update_posisi()
 3 SYSTEMPATH\CodeIgniter.php(468): CodeIgniter\CodeIgniter->runController(Object(App\Controllers\Parkir))
 4 SYSTEMPATH\CodeIgniter.php(351): CodeIgniter\CodeIgniter->handleRequest(null, Object(Config\Cache), false)
 5 FCPATH\index.php(55): CodeIgniter\CodeIgniter->run()
 6 SYSTEMPATH\Commands\Server\rewrite.php(43): require_once('FCPATH\\index.php')
CRITICAL - 2025-07-22 14:25:51 --> Trying to access array offset on value of type null
in APPPATH\Controllers\Parkir.php on line 379.
 1 APPPATH\Controllers\Parkir.php(379): CodeIgniter\Debug\Exceptions->errorHandler(2, 'Trying to access array offset on value of type null', 'APPPATH\\Controllers\\Parkir.php', 379)
 2 SYSTEMPATH\CodeIgniter.php(898): App\Controllers\Parkir->update_posisi()
 3 SYSTEMPATH\CodeIgniter.php(468): CodeIgniter\CodeIgniter->runController(Object(App\Controllers\Parkir))
 4 SYSTEMPATH\CodeIgniter.php(351): CodeIgniter\CodeIgniter->handleRequest(null, Object(Config\Cache), false)
 5 FCPATH\index.php(55): CodeIgniter\CodeIgniter->run()
 6 SYSTEMPATH\Commands\Server\rewrite.php(43): require_once('FCPATH\\index.php')
CRITICAL - 2025-07-22 20:30:04 --> Cannot redeclare App\Controllers\Parkir::search_car()
in APPPATH\Controllers\Parkir.php on line 605.
 1 [internal function]: CodeIgniter\Debug\Exceptions->shutdownHandler()
