CRITICAL - 2022-12-31 09:47:03 --> Attempt to read property "created_at" on null
in APPPATH\Controllers\Parkir.php on line 62.
 1 APPPATH\Controllers\Parkir.php(62): CodeIgniter\Debug\Exceptions->errorHandler(2, 'Attempt to read property "created_at" on null', 'APPPATH\\Controllers\\Parkir.php', 62)
 2 SYSTEMPATH\CodeIgniter.php(898): App\Controllers\Parkir->index()
 3 SYSTEMPATH\CodeIgniter.php(468): CodeIgniter\CodeIgniter->runController(Object(App\Controllers\Parkir))
 4 SYSTEMPATH\CodeIgniter.php(351): CodeIgniter\CodeIgniter->handleRequest(null, Object(Config\Cache), false)
 5 FCPATH\index.php(55): CodeIgniter\CodeIgniter->run()
 6 SYSTEMPATH\Commands\Server\rewrite.php(43): require_once('FCPATH\\index.php')
CRITICAL - 2022-12-31 09:47:36 --> Attempt to read property "created_at" on null
in APPPATH\Controllers\Parkir.php on line 62.
 1 APPPATH\Controllers\Parkir.php(62): CodeIgniter\Debug\Exceptions->errorHandler(2, 'Attempt to read property "created_at" on null', 'APPPATH\\Controllers\\Parkir.php', 62)
 2 SYSTEMPATH\CodeIgniter.php(898): App\Controllers\Parkir->index()
 3 SYSTEMPATH\CodeIgniter.php(468): CodeIgniter\CodeIgniter->runController(Object(App\Controllers\Parkir))
 4 SYSTEMPATH\CodeIgniter.php(351): CodeIgniter\CodeIgniter->handleRequest(null, Object(Config\Cache), false)
 5 FCPATH\index.php(55): CodeIgniter\CodeIgniter->run()
 6 SYSTEMPATH\Commands\Server\rewrite.php(43): require_once('FCPATH\\index.php')
CRITICAL - 2022-12-31 09:47:38 --> Attempt to read property "created_at" on null
in APPPATH\Controllers\Parkir.php on line 62.
 1 APPPATH\Controllers\Parkir.php(62): CodeIgniter\Debug\Exceptions->errorHandler(2, 'Attempt to read property "created_at" on null', 'APPPATH\\Controllers\\Parkir.php', 62)
 2 SYSTEMPATH\CodeIgniter.php(898): App\Controllers\Parkir->index()
 3 SYSTEMPATH\CodeIgniter.php(468): CodeIgniter\CodeIgniter->runController(Object(App\Controllers\Parkir))
 4 SYSTEMPATH\CodeIgniter.php(351): CodeIgniter\CodeIgniter->handleRequest(null, Object(Config\Cache), false)
 5 FCPATH\index.php(55): CodeIgniter\CodeIgniter->run()
 6 SYSTEMPATH\Commands\Server\rewrite.php(43): require_once('FCPATH\\index.php')
CRITICAL - 2022-12-31 09:47:38 --> Attempt to read property "created_at" on null
in APPPATH\Controllers\Parkir.php on line 62.
 1 APPPATH\Controllers\Parkir.php(62): CodeIgniter\Debug\Exceptions->errorHandler(2, 'Attempt to read property "created_at" on null', 'APPPATH\\Controllers\\Parkir.php', 62)
 2 SYSTEMPATH\CodeIgniter.php(898): App\Controllers\Parkir->index()
 3 SYSTEMPATH\CodeIgniter.php(468): CodeIgniter\CodeIgniter->runController(Object(App\Controllers\Parkir))
 4 SYSTEMPATH\CodeIgniter.php(351): CodeIgniter\CodeIgniter->handleRequest(null, Object(Config\Cache), false)
 5 FCPATH\index.php(55): CodeIgniter\CodeIgniter->run()
 6 SYSTEMPATH\Commands\Server\rewrite.php(43): require_once('FCPATH\\index.php')
CRITICAL - 2022-12-31 09:47:38 --> Attempt to read property "created_at" on null
in APPPATH\Controllers\Parkir.php on line 62.
 1 APPPATH\Controllers\Parkir.php(62): CodeIgniter\Debug\Exceptions->errorHandler(2, 'Attempt to read property "created_at" on null', 'APPPATH\\Controllers\\Parkir.php', 62)
 2 SYSTEMPATH\CodeIgniter.php(898): App\Controllers\Parkir->index()
 3 SYSTEMPATH\CodeIgniter.php(468): CodeIgniter\CodeIgniter->runController(Object(App\Controllers\Parkir))
 4 SYSTEMPATH\CodeIgniter.php(351): CodeIgniter\CodeIgniter->handleRequest(null, Object(Config\Cache), false)
 5 FCPATH\index.php(55): CodeIgniter\CodeIgniter->run()
 6 SYSTEMPATH\Commands\Server\rewrite.php(43): require_once('FCPATH\\index.php')
CRITICAL - 2022-12-31 09:48:22 --> Attempt to read property "created_at" on null
in APPPATH\Controllers\Parkir.php on line 463.
 1 APPPATH\Controllers\Parkir.php(463): CodeIgniter\Debug\Exceptions->errorHandler(2, 'Attempt to read property "created_at" on null', 'APPPATH\\Controllers\\Parkir.php', 463)
 2 APPPATH\Controllers\Parkir.php(426): App\Controllers\Parkir->addDataIfParkingEmpty('2022-12-31')
 3 SYSTEMPATH\CodeIgniter.php(898): App\Controllers\Parkir->tambah_parkir()
 4 SYSTEMPATH\CodeIgniter.php(468): CodeIgniter\CodeIgniter->runController(Object(App\Controllers\Parkir))
 5 SYSTEMPATH\CodeIgniter.php(351): CodeIgniter\CodeIgniter->handleRequest(null, Object(Config\Cache), false)
 6 FCPATH\index.php(55): CodeIgniter\CodeIgniter->run()
 7 SYSTEMPATH\Commands\Server\rewrite.php(43): require_once('FCPATH\\index.php')
CRITICAL - 2022-12-31 09:48:29 --> Attempt to read property "created_at" on null
in APPPATH\Controllers\Parkir.php on line 463.
 1 APPPATH\Controllers\Parkir.php(463): CodeIgniter\Debug\Exceptions->errorHandler(2, 'Attempt to read property "created_at" on null', 'APPPATH\\Controllers\\Parkir.php', 463)
 2 APPPATH\Controllers\Parkir.php(426): App\Controllers\Parkir->addDataIfParkingEmpty('2022-12-31')
 3 SYSTEMPATH\CodeIgniter.php(898): App\Controllers\Parkir->tambah_parkir()
 4 SYSTEMPATH\CodeIgniter.php(468): CodeIgniter\CodeIgniter->runController(Object(App\Controllers\Parkir))
 5 SYSTEMPATH\CodeIgniter.php(351): CodeIgniter\CodeIgniter->handleRequest(null, Object(Config\Cache), false)
 6 FCPATH\index.php(55): CodeIgniter\CodeIgniter->run()
 7 SYSTEMPATH\Commands\Server\rewrite.php(43): require_once('FCPATH\\index.php')
CRITICAL - 2022-12-31 09:48:33 --> Attempt to read property "created_at" on null
in APPPATH\Controllers\Parkir.php on line 463.
 1 APPPATH\Controllers\Parkir.php(463): CodeIgniter\Debug\Exceptions->errorHandler(2, 'Attempt to read property "created_at" on null', 'APPPATH\\Controllers\\Parkir.php', 463)
 2 APPPATH\Controllers\Parkir.php(426): App\Controllers\Parkir->addDataIfParkingEmpty('2022-12-31')
 3 SYSTEMPATH\CodeIgniter.php(898): App\Controllers\Parkir->tambah_parkir()
 4 SYSTEMPATH\CodeIgniter.php(468): CodeIgniter\CodeIgniter->runController(Object(App\Controllers\Parkir))
 5 SYSTEMPATH\CodeIgniter.php(351): CodeIgniter\CodeIgniter->handleRequest(null, Object(Config\Cache), false)
 6 FCPATH\index.php(55): CodeIgniter\CodeIgniter->run()
 7 SYSTEMPATH\Commands\Server\rewrite.php(43): require_once('FCPATH\\index.php')
CRITICAL - 2022-12-31 09:48:42 --> Attempt to read property "created_at" on null
in APPPATH\Controllers\Parkir.php on line 463.
 1 APPPATH\Controllers\Parkir.php(463): CodeIgniter\Debug\Exceptions->errorHandler(2, 'Attempt to read property "created_at" on null', 'APPPATH\\Controllers\\Parkir.php', 463)
 2 APPPATH\Controllers\Parkir.php(426): App\Controllers\Parkir->addDataIfParkingEmpty('2022-12-31')
 3 SYSTEMPATH\CodeIgniter.php(898): App\Controllers\Parkir->tambah_parkir()
 4 SYSTEMPATH\CodeIgniter.php(468): CodeIgniter\CodeIgniter->runController(Object(App\Controllers\Parkir))
 5 SYSTEMPATH\CodeIgniter.php(351): CodeIgniter\CodeIgniter->handleRequest(null, Object(Config\Cache), false)
 6 FCPATH\index.php(55): CodeIgniter\CodeIgniter->run()
 7 SYSTEMPATH\Commands\Server\rewrite.php(43): require_once('FCPATH\\index.php')
CRITICAL - 2022-12-31 09:49:33 --> Attempt to read property "created_at" on null
in APPPATH\Controllers\Parkir.php on line 464.
 1 APPPATH\Controllers\Parkir.php(464): CodeIgniter\Debug\Exceptions->errorHandler(2, 'Attempt to read property "created_at" on null', 'APPPATH\\Controllers\\Parkir.php', 464)
 2 APPPATH\Controllers\Parkir.php(427): App\Controllers\Parkir->addDataIfParkingEmpty('2022-12-31')
 3 SYSTEMPATH\CodeIgniter.php(898): App\Controllers\Parkir->tambah_parkir()
 4 SYSTEMPATH\CodeIgniter.php(468): CodeIgniter\CodeIgniter->runController(Object(App\Controllers\Parkir))
 5 SYSTEMPATH\CodeIgniter.php(351): CodeIgniter\CodeIgniter->handleRequest(null, Object(Config\Cache), false)
 6 FCPATH\index.php(55): CodeIgniter\CodeIgniter->run()
 7 SYSTEMPATH\Commands\Server\rewrite.php(43): require_once('FCPATH\\index.php')
CRITICAL - 2022-12-31 09:49:50 --> Attempt to read property "created_at" on null
in APPPATH\Controllers\Parkir.php on line 464.
 1 APPPATH\Controllers\Parkir.php(464): CodeIgniter\Debug\Exceptions->errorHandler(2, 'Attempt to read property "created_at" on null', 'APPPATH\\Controllers\\Parkir.php', 464)
 2 APPPATH\Controllers\Parkir.php(427): App\Controllers\Parkir->addDataIfParkingEmpty('2022-12-31')
 3 SYSTEMPATH\CodeIgniter.php(898): App\Controllers\Parkir->tambah_parkir()
 4 SYSTEMPATH\CodeIgniter.php(468): CodeIgniter\CodeIgniter->runController(Object(App\Controllers\Parkir))
 5 SYSTEMPATH\CodeIgniter.php(351): CodeIgniter\CodeIgniter->handleRequest(null, Object(Config\Cache), false)
 6 FCPATH\index.php(55): CodeIgniter\CodeIgniter->run()
 7 SYSTEMPATH\Commands\Server\rewrite.php(43): require_once('FCPATH\\index.php')
CRITICAL - 2022-12-31 09:54:45 --> Undefined array key "date"
in APPPATH\Controllers\Parkir.php on line 329.
 1 APPPATH\Controllers\Parkir.php(329): CodeIgniter\Debug\Exceptions->errorHandler(2, 'Undefined array key "date"', 'APPPATH\\Controllers\\Parkir.php', 329)
 2 SYSTEMPATH\CodeIgniter.php(898): App\Controllers\Parkir->get_detail()
 3 SYSTEMPATH\CodeIgniter.php(468): CodeIgniter\CodeIgniter->runController(Object(App\Controllers\Parkir))
 4 SYSTEMPATH\CodeIgniter.php(351): CodeIgniter\CodeIgniter->handleRequest(null, Object(Config\Cache), false)
 5 FCPATH\index.php(55): CodeIgniter\CodeIgniter->run()
 6 SYSTEMPATH\Commands\Server\rewrite.php(43): require_once('FCPATH\\index.php')
CRITICAL - 2022-12-31 09:55:09 --> Undefined array key "date"
in APPPATH\Controllers\Parkir.php on line 329.
 1 APPPATH\Controllers\Parkir.php(329): CodeIgniter\Debug\Exceptions->errorHandler(2, 'Undefined array key "date"', 'APPPATH\\Controllers\\Parkir.php', 329)
 2 SYSTEMPATH\CodeIgniter.php(898): App\Controllers\Parkir->get_detail()
 3 SYSTEMPATH\CodeIgniter.php(468): CodeIgniter\CodeIgniter->runController(Object(App\Controllers\Parkir))
 4 SYSTEMPATH\CodeIgniter.php(351): CodeIgniter\CodeIgniter->handleRequest(null, Object(Config\Cache), false)
 5 FCPATH\index.php(55): CodeIgniter\CodeIgniter->run()
 6 SYSTEMPATH\Commands\Server\rewrite.php(43): require_once('FCPATH\\index.php')
CRITICAL - 2022-12-31 09:55:13 --> Undefined array key "date"
in APPPATH\Controllers\Parkir.php on line 329.
 1 APPPATH\Controllers\Parkir.php(329): CodeIgniter\Debug\Exceptions->errorHandler(2, 'Undefined array key "date"', 'APPPATH\\Controllers\\Parkir.php', 329)
 2 SYSTEMPATH\CodeIgniter.php(898): App\Controllers\Parkir->get_detail()
 3 SYSTEMPATH\CodeIgniter.php(468): CodeIgniter\CodeIgniter->runController(Object(App\Controllers\Parkir))
 4 SYSTEMPATH\CodeIgniter.php(351): CodeIgniter\CodeIgniter->handleRequest(null, Object(Config\Cache), false)
 5 FCPATH\index.php(55): CodeIgniter\CodeIgniter->run()
 6 SYSTEMPATH\Commands\Server\rewrite.php(43): require_once('FCPATH\\index.php')
CRITICAL - 2022-12-31 09:55:20 --> Undefined array key "date"
in APPPATH\Controllers\Parkir.php on line 329.
 1 APPPATH\Controllers\Parkir.php(329): CodeIgniter\Debug\Exceptions->errorHandler(2, 'Undefined array key "date"', 'APPPATH\\Controllers\\Parkir.php', 329)
 2 SYSTEMPATH\CodeIgniter.php(898): App\Controllers\Parkir->get_detail()
 3 SYSTEMPATH\CodeIgniter.php(468): CodeIgniter\CodeIgniter->runController(Object(App\Controllers\Parkir))
 4 SYSTEMPATH\CodeIgniter.php(351): CodeIgniter\CodeIgniter->handleRequest(null, Object(Config\Cache), false)
 5 FCPATH\index.php(55): CodeIgniter\CodeIgniter->run()
 6 SYSTEMPATH\Commands\Server\rewrite.php(43): require_once('FCPATH\\index.php')
CRITICAL - 2022-12-31 09:55:27 --> Undefined array key "date"
in APPPATH\Controllers\Parkir.php on line 329.
 1 APPPATH\Controllers\Parkir.php(329): CodeIgniter\Debug\Exceptions->errorHandler(2, 'Undefined array key "date"', 'APPPATH\\Controllers\\Parkir.php', 329)
 2 SYSTEMPATH\CodeIgniter.php(898): App\Controllers\Parkir->get_detail()
 3 SYSTEMPATH\CodeIgniter.php(468): CodeIgniter\CodeIgniter->runController(Object(App\Controllers\Parkir))
 4 SYSTEMPATH\CodeIgniter.php(351): CodeIgniter\CodeIgniter->handleRequest(null, Object(Config\Cache), false)
 5 FCPATH\index.php(55): CodeIgniter\CodeIgniter->run()
 6 SYSTEMPATH\Commands\Server\rewrite.php(43): require_once('FCPATH\\index.php')
CRITICAL - 2022-12-31 09:55:38 --> Undefined array key "date"
in APPPATH\Controllers\Parkir.php on line 329.
 1 APPPATH\Controllers\Parkir.php(329): CodeIgniter\Debug\Exceptions->errorHandler(2, 'Undefined array key "date"', 'APPPATH\\Controllers\\Parkir.php', 329)
 2 SYSTEMPATH\CodeIgniter.php(898): App\Controllers\Parkir->get_detail()
 3 SYSTEMPATH\CodeIgniter.php(468): CodeIgniter\CodeIgniter->runController(Object(App\Controllers\Parkir))
 4 SYSTEMPATH\CodeIgniter.php(351): CodeIgniter\CodeIgniter->handleRequest(null, Object(Config\Cache), false)
 5 FCPATH\index.php(55): CodeIgniter\CodeIgniter->run()
 6 SYSTEMPATH\Commands\Server\rewrite.php(43): require_once('FCPATH\\index.php')
CRITICAL - 2022-12-31 09:57:44 --> Object of class stdClass could not be converted to string
in SYSTEMPATH\Database\Query.php on line 335.
 1 SYSTEMPATH\Database\Query.php(335): strtr('SELECT *
FROM `tb_parking`
WHERE `created_at` = :created_at:', [...])
 2 SYSTEMPATH\Database\Query.php(310): CodeIgniter\Database\Query->matchNamedBinds('SELECT *
FROM `tb_parking`
WHERE `created_at` = :created_at:', [...])
 3 SYSTEMPATH\Database\Query.php(159): CodeIgniter\Database\Query->compileBinds()
 4 SYSTEMPATH\Database\BaseConnection.php(609): CodeIgniter\Database\Query->getQuery()
 5 SYSTEMPATH\Database\BaseBuilder.php(1585): CodeIgniter\Database\BaseConnection->query('SELECT *
FROM `tb_parking`
WHERE `created_at` = :created_at:', [...], false)
 6 SYSTEMPATH\Model.php(771): CodeIgniter\Database\BaseBuilder->get()
 7 APPPATH\Controllers\Parkir.php(65): CodeIgniter\Model->__call('get', [])
 8 SYSTEMPATH\CodeIgniter.php(898): App\Controllers\Parkir->index()
 9 SYSTEMPATH\CodeIgniter.php(468): CodeIgniter\CodeIgniter->runController(Object(App\Controllers\Parkir))
10 SYSTEMPATH\CodeIgniter.php(351): CodeIgniter\CodeIgniter->handleRequest(null, Object(Config\Cache), false)
11 FCPATH\index.php(55): CodeIgniter\CodeIgniter->run()
12 SYSTEMPATH\Commands\Server\rewrite.php(43): require_once('FCPATH\\index.php')
CRITICAL - 2022-12-31 09:57:55 --> Object of class stdClass could not be converted to string
in SYSTEMPATH\Database\Query.php on line 335.
 1 SYSTEMPATH\Database\Query.php(335): strtr('SELECT *
FROM `tb_parking`
WHERE `created_at` = :created_at:', [...])
 2 SYSTEMPATH\Database\Query.php(310): CodeIgniter\Database\Query->matchNamedBinds('SELECT *
FROM `tb_parking`
WHERE `created_at` = :created_at:', [...])
 3 SYSTEMPATH\Database\Query.php(159): CodeIgniter\Database\Query->compileBinds()
 4 SYSTEMPATH\Database\BaseConnection.php(609): CodeIgniter\Database\Query->getQuery()
 5 SYSTEMPATH\Database\BaseBuilder.php(1585): CodeIgniter\Database\BaseConnection->query('SELECT *
FROM `tb_parking`
WHERE `created_at` = :created_at:', [...], false)
 6 SYSTEMPATH\Model.php(771): CodeIgniter\Database\BaseBuilder->get()
 7 APPPATH\Controllers\Parkir.php(65): CodeIgniter\Model->__call('get', [])
 8 SYSTEMPATH\CodeIgniter.php(898): App\Controllers\Parkir->index()
 9 SYSTEMPATH\CodeIgniter.php(468): CodeIgniter\CodeIgniter->runController(Object(App\Controllers\Parkir))
10 SYSTEMPATH\CodeIgniter.php(351): CodeIgniter\CodeIgniter->handleRequest(null, Object(Config\Cache), false)
11 FCPATH\index.php(55): CodeIgniter\CodeIgniter->run()
12 SYSTEMPATH\Commands\Server\rewrite.php(43): require_once('FCPATH\\index.php')
CRITICAL - 2022-12-31 09:57:56 --> Object of class stdClass could not be converted to string
in SYSTEMPATH\Database\Query.php on line 335.
 1 SYSTEMPATH\Database\Query.php(335): strtr('SELECT *
FROM `tb_parking`
WHERE `created_at` = :created_at:', [...])
 2 SYSTEMPATH\Database\Query.php(310): CodeIgniter\Database\Query->matchNamedBinds('SELECT *
FROM `tb_parking`
WHERE `created_at` = :created_at:', [...])
 3 SYSTEMPATH\Database\Query.php(159): CodeIgniter\Database\Query->compileBinds()
 4 SYSTEMPATH\Database\BaseConnection.php(609): CodeIgniter\Database\Query->getQuery()
 5 SYSTEMPATH\Database\BaseBuilder.php(1585): CodeIgniter\Database\BaseConnection->query('SELECT *
FROM `tb_parking`
WHERE `created_at` = :created_at:', [...], false)
 6 SYSTEMPATH\Model.php(771): CodeIgniter\Database\BaseBuilder->get()
 7 APPPATH\Controllers\Parkir.php(65): CodeIgniter\Model->__call('get', [])
 8 SYSTEMPATH\CodeIgniter.php(898): App\Controllers\Parkir->index()
 9 SYSTEMPATH\CodeIgniter.php(468): CodeIgniter\CodeIgniter->runController(Object(App\Controllers\Parkir))
10 SYSTEMPATH\CodeIgniter.php(351): CodeIgniter\CodeIgniter->handleRequest(null, Object(Config\Cache), false)
11 FCPATH\index.php(55): CodeIgniter\CodeIgniter->run()
12 SYSTEMPATH\Commands\Server\rewrite.php(43): require_once('FCPATH\\index.php')
CRITICAL - 2022-12-31 09:57:56 --> Object of class stdClass could not be converted to string
in SYSTEMPATH\Database\Query.php on line 335.
 1 SYSTEMPATH\Database\Query.php(335): strtr('SELECT *
FROM `tb_parking`
WHERE `created_at` = :created_at:', [...])
 2 SYSTEMPATH\Database\Query.php(310): CodeIgniter\Database\Query->matchNamedBinds('SELECT *
FROM `tb_parking`
WHERE `created_at` = :created_at:', [...])
 3 SYSTEMPATH\Database\Query.php(159): CodeIgniter\Database\Query->compileBinds()
 4 SYSTEMPATH\Database\BaseConnection.php(609): CodeIgniter\Database\Query->getQuery()
 5 SYSTEMPATH\Database\BaseBuilder.php(1585): CodeIgniter\Database\BaseConnection->query('SELECT *
FROM `tb_parking`
WHERE `created_at` = :created_at:', [...], false)
 6 SYSTEMPATH\Model.php(771): CodeIgniter\Database\BaseBuilder->get()
 7 APPPATH\Controllers\Parkir.php(65): CodeIgniter\Model->__call('get', [])
 8 SYSTEMPATH\CodeIgniter.php(898): App\Controllers\Parkir->index()
 9 SYSTEMPATH\CodeIgniter.php(468): CodeIgniter\CodeIgniter->runController(Object(App\Controllers\Parkir))
10 SYSTEMPATH\CodeIgniter.php(351): CodeIgniter\CodeIgniter->handleRequest(null, Object(Config\Cache), false)
11 FCPATH\index.php(55): CodeIgniter\CodeIgniter->run()
12 SYSTEMPATH\Commands\Server\rewrite.php(43): require_once('FCPATH\\index.php')
CRITICAL - 2022-12-31 09:57:56 --> Object of class stdClass could not be converted to string
in SYSTEMPATH\Database\Query.php on line 335.
 1 SYSTEMPATH\Database\Query.php(335): strtr('SELECT *
FROM `tb_parking`
WHERE `created_at` = :created_at:', [...])
 2 SYSTEMPATH\Database\Query.php(310): CodeIgniter\Database\Query->matchNamedBinds('SELECT *
FROM `tb_parking`
WHERE `created_at` = :created_at:', [...])
 3 SYSTEMPATH\Database\Query.php(159): CodeIgniter\Database\Query->compileBinds()
 4 SYSTEMPATH\Database\BaseConnection.php(609): CodeIgniter\Database\Query->getQuery()
 5 SYSTEMPATH\Database\BaseBuilder.php(1585): CodeIgniter\Database\BaseConnection->query('SELECT *
FROM `tb_parking`
WHERE `created_at` = :created_at:', [...], false)
 6 SYSTEMPATH\Model.php(771): CodeIgniter\Database\BaseBuilder->get()
 7 APPPATH\Controllers\Parkir.php(65): CodeIgniter\Model->__call('get', [])
 8 SYSTEMPATH\CodeIgniter.php(898): App\Controllers\Parkir->index()
 9 SYSTEMPATH\CodeIgniter.php(468): CodeIgniter\CodeIgniter->runController(Object(App\Controllers\Parkir))
10 SYSTEMPATH\CodeIgniter.php(351): CodeIgniter\CodeIgniter->handleRequest(null, Object(Config\Cache), false)
11 FCPATH\index.php(55): CodeIgniter\CodeIgniter->run()
12 SYSTEMPATH\Commands\Server\rewrite.php(43): require_once('FCPATH\\index.php')
CRITICAL - 2022-12-31 09:58:19 --> Object of class stdClass could not be converted to string
in SYSTEMPATH\Database\Query.php on line 335.
 1 SYSTEMPATH\Database\Query.php(335): strtr('SELECT *
FROM `tb_parking`
WHERE `created_at` = :created_at:', [...])
 2 SYSTEMPATH\Database\Query.php(310): CodeIgniter\Database\Query->matchNamedBinds('SELECT *
FROM `tb_parking`
WHERE `created_at` = :created_at:', [...])
 3 SYSTEMPATH\Database\Query.php(159): CodeIgniter\Database\Query->compileBinds()
 4 SYSTEMPATH\Database\BaseConnection.php(609): CodeIgniter\Database\Query->getQuery()
 5 SYSTEMPATH\Database\BaseBuilder.php(1585): CodeIgniter\Database\BaseConnection->query('SELECT *
FROM `tb_parking`
WHERE `created_at` = :created_at:', [...], false)
 6 SYSTEMPATH\Model.php(771): CodeIgniter\Database\BaseBuilder->get()
 7 APPPATH\Controllers\Parkir.php(65): CodeIgniter\Model->__call('get', [])
 8 SYSTEMPATH\CodeIgniter.php(898): App\Controllers\Parkir->index()
 9 SYSTEMPATH\CodeIgniter.php(468): CodeIgniter\CodeIgniter->runController(Object(App\Controllers\Parkir))
10 SYSTEMPATH\CodeIgniter.php(351): CodeIgniter\CodeIgniter->handleRequest(null, Object(Config\Cache), false)
11 FCPATH\index.php(55): CodeIgniter\CodeIgniter->run()
12 SYSTEMPATH\Commands\Server\rewrite.php(43): require_once('FCPATH\\index.php')
CRITICAL - 2022-12-31 09:58:35 --> Object of class stdClass could not be converted to string
in SYSTEMPATH\Database\Query.php on line 335.
 1 SYSTEMPATH\Database\Query.php(335): strtr('SELECT *
FROM `tb_parking`
WHERE `created_at` = :created_at:', [...])
 2 SYSTEMPATH\Database\Query.php(310): CodeIgniter\Database\Query->matchNamedBinds('SELECT *
FROM `tb_parking`
WHERE `created_at` = :created_at:', [...])
 3 SYSTEMPATH\Database\Query.php(159): CodeIgniter\Database\Query->compileBinds()
 4 SYSTEMPATH\Database\BaseConnection.php(609): CodeIgniter\Database\Query->getQuery()
 5 SYSTEMPATH\Database\BaseBuilder.php(1585): CodeIgniter\Database\BaseConnection->query('SELECT *
FROM `tb_parking`
WHERE `created_at` = :created_at:', [...], false)
 6 SYSTEMPATH\Model.php(771): CodeIgniter\Database\BaseBuilder->get()
 7 APPPATH\Controllers\Parkir.php(65): CodeIgniter\Model->__call('get', [])
 8 SYSTEMPATH\CodeIgniter.php(898): App\Controllers\Parkir->index()
 9 SYSTEMPATH\CodeIgniter.php(468): CodeIgniter\CodeIgniter->runController(Object(App\Controllers\Parkir))
10 SYSTEMPATH\CodeIgniter.php(351): CodeIgniter\CodeIgniter->handleRequest(null, Object(Config\Cache), false)
11 FCPATH\index.php(55): CodeIgniter\CodeIgniter->run()
12 SYSTEMPATH\Commands\Server\rewrite.php(43): require_once('FCPATH\\index.php')
CRITICAL - 2022-12-31 10:47:20 --> Undefined array key "date"
in APPPATH\Controllers\Parkir.php on line 329.
 1 APPPATH\Controllers\Parkir.php(329): CodeIgniter\Debug\Exceptions->errorHandler(2, 'Undefined array key "date"', 'APPPATH\\Controllers\\Parkir.php', 329)
 2 SYSTEMPATH\CodeIgniter.php(898): App\Controllers\Parkir->get_detail()
 3 SYSTEMPATH\CodeIgniter.php(468): CodeIgniter\CodeIgniter->runController(Object(App\Controllers\Parkir))
 4 SYSTEMPATH\CodeIgniter.php(351): CodeIgniter\CodeIgniter->handleRequest(null, Object(Config\Cache), false)
 5 FCPATH\index.php(55): CodeIgniter\CodeIgniter->run()
 6 SYSTEMPATH\Commands\Server\rewrite.php(43): require_once('FCPATH\\index.php')
CRITICAL - 2022-12-31 10:47:21 --> Undefined array key "date"
in APPPATH\Controllers\Parkir.php on line 329.
 1 APPPATH\Controllers\Parkir.php(329): CodeIgniter\Debug\Exceptions->errorHandler(2, 'Undefined array key "date"', 'APPPATH\\Controllers\\Parkir.php', 329)
 2 SYSTEMPATH\CodeIgniter.php(898): App\Controllers\Parkir->get_detail()
 3 SYSTEMPATH\CodeIgniter.php(468): CodeIgniter\CodeIgniter->runController(Object(App\Controllers\Parkir))
 4 SYSTEMPATH\CodeIgniter.php(351): CodeIgniter\CodeIgniter->handleRequest(null, Object(Config\Cache), false)
 5 FCPATH\index.php(55): CodeIgniter\CodeIgniter->run()
 6 SYSTEMPATH\Commands\Server\rewrite.php(43): require_once('FCPATH\\index.php')
CRITICAL - 2022-12-31 10:47:23 --> Undefined array key "date"
in APPPATH\Controllers\Parkir.php on line 329.
 1 APPPATH\Controllers\Parkir.php(329): CodeIgniter\Debug\Exceptions->errorHandler(2, 'Undefined array key "date"', 'APPPATH\\Controllers\\Parkir.php', 329)
 2 SYSTEMPATH\CodeIgniter.php(898): App\Controllers\Parkir->get_detail()
 3 SYSTEMPATH\CodeIgniter.php(468): CodeIgniter\CodeIgniter->runController(Object(App\Controllers\Parkir))
 4 SYSTEMPATH\CodeIgniter.php(351): CodeIgniter\CodeIgniter->handleRequest(null, Object(Config\Cache), false)
 5 FCPATH\index.php(55): CodeIgniter\CodeIgniter->run()
 6 SYSTEMPATH\Commands\Server\rewrite.php(43): require_once('FCPATH\\index.php')
CRITICAL - 2022-12-31 10:47:23 --> Undefined array key "date"
in APPPATH\Controllers\Parkir.php on line 329.
 1 APPPATH\Controllers\Parkir.php(329): CodeIgniter\Debug\Exceptions->errorHandler(2, 'Undefined array key "date"', 'APPPATH\\Controllers\\Parkir.php', 329)
 2 SYSTEMPATH\CodeIgniter.php(898): App\Controllers\Parkir->get_detail()
 3 SYSTEMPATH\CodeIgniter.php(468): CodeIgniter\CodeIgniter->runController(Object(App\Controllers\Parkir))
 4 SYSTEMPATH\CodeIgniter.php(351): CodeIgniter\CodeIgniter->handleRequest(null, Object(Config\Cache), false)
 5 FCPATH\index.php(55): CodeIgniter\CodeIgniter->run()
 6 SYSTEMPATH\Commands\Server\rewrite.php(43): require_once('FCPATH\\index.php')
CRITICAL - 2022-12-31 10:47:23 --> Undefined array key "date"
in APPPATH\Controllers\Parkir.php on line 329.
 1 APPPATH\Controllers\Parkir.php(329): CodeIgniter\Debug\Exceptions->errorHandler(2, 'Undefined array key "date"', 'APPPATH\\Controllers\\Parkir.php', 329)
 2 SYSTEMPATH\CodeIgniter.php(898): App\Controllers\Parkir->get_detail()
 3 SYSTEMPATH\CodeIgniter.php(468): CodeIgniter\CodeIgniter->runController(Object(App\Controllers\Parkir))
 4 SYSTEMPATH\CodeIgniter.php(351): CodeIgniter\CodeIgniter->handleRequest(null, Object(Config\Cache), false)
 5 FCPATH\index.php(55): CodeIgniter\CodeIgniter->run()
 6 SYSTEMPATH\Commands\Server\rewrite.php(43): require_once('FCPATH\\index.php')
CRITICAL - 2022-12-31 10:47:23 --> Undefined array key "date"
in APPPATH\Controllers\Parkir.php on line 329.
 1 APPPATH\Controllers\Parkir.php(329): CodeIgniter\Debug\Exceptions->errorHandler(2, 'Undefined array key "date"', 'APPPATH\\Controllers\\Parkir.php', 329)
 2 SYSTEMPATH\CodeIgniter.php(898): App\Controllers\Parkir->get_detail()
 3 SYSTEMPATH\CodeIgniter.php(468): CodeIgniter\CodeIgniter->runController(Object(App\Controllers\Parkir))
 4 SYSTEMPATH\CodeIgniter.php(351): CodeIgniter\CodeIgniter->handleRequest(null, Object(Config\Cache), false)
 5 FCPATH\index.php(55): CodeIgniter\CodeIgniter->run()
 6 SYSTEMPATH\Commands\Server\rewrite.php(43): require_once('FCPATH\\index.php')
CRITICAL - 2022-12-31 10:47:23 --> Undefined array key "date"
in APPPATH\Controllers\Parkir.php on line 329.
 1 APPPATH\Controllers\Parkir.php(329): CodeIgniter\Debug\Exceptions->errorHandler(2, 'Undefined array key "date"', 'APPPATH\\Controllers\\Parkir.php', 329)
 2 SYSTEMPATH\CodeIgniter.php(898): App\Controllers\Parkir->get_detail()
 3 SYSTEMPATH\CodeIgniter.php(468): CodeIgniter\CodeIgniter->runController(Object(App\Controllers\Parkir))
 4 SYSTEMPATH\CodeIgniter.php(351): CodeIgniter\CodeIgniter->handleRequest(null, Object(Config\Cache), false)
 5 FCPATH\index.php(55): CodeIgniter\CodeIgniter->run()
 6 SYSTEMPATH\Commands\Server\rewrite.php(43): require_once('FCPATH\\index.php')
CRITICAL - 2022-12-31 10:47:23 --> Undefined array key "date"
in APPPATH\Controllers\Parkir.php on line 329.
 1 APPPATH\Controllers\Parkir.php(329): CodeIgniter\Debug\Exceptions->errorHandler(2, 'Undefined array key "date"', 'APPPATH\\Controllers\\Parkir.php', 329)
 2 SYSTEMPATH\CodeIgniter.php(898): App\Controllers\Parkir->get_detail()
 3 SYSTEMPATH\CodeIgniter.php(468): CodeIgniter\CodeIgniter->runController(Object(App\Controllers\Parkir))
 4 SYSTEMPATH\CodeIgniter.php(351): CodeIgniter\CodeIgniter->handleRequest(null, Object(Config\Cache), false)
 5 FCPATH\index.php(55): CodeIgniter\CodeIgniter->run()
 6 SYSTEMPATH\Commands\Server\rewrite.php(43): require_once('FCPATH\\index.php')
CRITICAL - 2022-12-31 10:47:23 --> Undefined array key "date"
in APPPATH\Controllers\Parkir.php on line 329.
 1 APPPATH\Controllers\Parkir.php(329): CodeIgniter\Debug\Exceptions->errorHandler(2, 'Undefined array key "date"', 'APPPATH\\Controllers\\Parkir.php', 329)
 2 SYSTEMPATH\CodeIgniter.php(898): App\Controllers\Parkir->get_detail()
 3 SYSTEMPATH\CodeIgniter.php(468): CodeIgniter\CodeIgniter->runController(Object(App\Controllers\Parkir))
 4 SYSTEMPATH\CodeIgniter.php(351): CodeIgniter\CodeIgniter->handleRequest(null, Object(Config\Cache), false)
 5 FCPATH\index.php(55): CodeIgniter\CodeIgniter->run()
 6 SYSTEMPATH\Commands\Server\rewrite.php(43): require_once('FCPATH\\index.php')
CRITICAL - 2022-12-31 10:47:24 --> Undefined array key "date"
in APPPATH\Controllers\Parkir.php on line 329.
 1 APPPATH\Controllers\Parkir.php(329): CodeIgniter\Debug\Exceptions->errorHandler(2, 'Undefined array key "date"', 'APPPATH\\Controllers\\Parkir.php', 329)
 2 SYSTEMPATH\CodeIgniter.php(898): App\Controllers\Parkir->get_detail()
 3 SYSTEMPATH\CodeIgniter.php(468): CodeIgniter\CodeIgniter->runController(Object(App\Controllers\Parkir))
 4 SYSTEMPATH\CodeIgniter.php(351): CodeIgniter\CodeIgniter->handleRequest(null, Object(Config\Cache), false)
 5 FCPATH\index.php(55): CodeIgniter\CodeIgniter->run()
 6 SYSTEMPATH\Commands\Server\rewrite.php(43): require_once('FCPATH\\index.php')
CRITICAL - 2022-12-31 10:47:25 --> Undefined array key "date"
in APPPATH\Controllers\Parkir.php on line 329.
 1 APPPATH\Controllers\Parkir.php(329): CodeIgniter\Debug\Exceptions->errorHandler(2, 'Undefined array key "date"', 'APPPATH\\Controllers\\Parkir.php', 329)
 2 SYSTEMPATH\CodeIgniter.php(898): App\Controllers\Parkir->get_detail()
 3 SYSTEMPATH\CodeIgniter.php(468): CodeIgniter\CodeIgniter->runController(Object(App\Controllers\Parkir))
 4 SYSTEMPATH\CodeIgniter.php(351): CodeIgniter\CodeIgniter->handleRequest(null, Object(Config\Cache), false)
 5 FCPATH\index.php(55): CodeIgniter\CodeIgniter->run()
 6 SYSTEMPATH\Commands\Server\rewrite.php(43): require_once('FCPATH\\index.php')
CRITICAL - 2022-12-31 10:47:25 --> Undefined array key "date"
in APPPATH\Controllers\Parkir.php on line 329.
 1 APPPATH\Controllers\Parkir.php(329): CodeIgniter\Debug\Exceptions->errorHandler(2, 'Undefined array key "date"', 'APPPATH\\Controllers\\Parkir.php', 329)
 2 SYSTEMPATH\CodeIgniter.php(898): App\Controllers\Parkir->get_detail()
 3 SYSTEMPATH\CodeIgniter.php(468): CodeIgniter\CodeIgniter->runController(Object(App\Controllers\Parkir))
 4 SYSTEMPATH\CodeIgniter.php(351): CodeIgniter\CodeIgniter->handleRequest(null, Object(Config\Cache), false)
 5 FCPATH\index.php(55): CodeIgniter\CodeIgniter->run()
 6 SYSTEMPATH\Commands\Server\rewrite.php(43): require_once('FCPATH\\index.php')
CRITICAL - 2022-12-31 10:47:25 --> Undefined array key "date"
in APPPATH\Controllers\Parkir.php on line 329.
 1 APPPATH\Controllers\Parkir.php(329): CodeIgniter\Debug\Exceptions->errorHandler(2, 'Undefined array key "date"', 'APPPATH\\Controllers\\Parkir.php', 329)
 2 SYSTEMPATH\CodeIgniter.php(898): App\Controllers\Parkir->get_detail()
 3 SYSTEMPATH\CodeIgniter.php(468): CodeIgniter\CodeIgniter->runController(Object(App\Controllers\Parkir))
 4 SYSTEMPATH\CodeIgniter.php(351): CodeIgniter\CodeIgniter->handleRequest(null, Object(Config\Cache), false)
 5 FCPATH\index.php(55): CodeIgniter\CodeIgniter->run()
 6 SYSTEMPATH\Commands\Server\rewrite.php(43): require_once('FCPATH\\index.php')
CRITICAL - 2022-12-31 10:47:26 --> Undefined array key "date"
in APPPATH\Controllers\Parkir.php on line 329.
 1 APPPATH\Controllers\Parkir.php(329): CodeIgniter\Debug\Exceptions->errorHandler(2, 'Undefined array key "date"', 'APPPATH\\Controllers\\Parkir.php', 329)
 2 SYSTEMPATH\CodeIgniter.php(898): App\Controllers\Parkir->get_detail()
 3 SYSTEMPATH\CodeIgniter.php(468): CodeIgniter\CodeIgniter->runController(Object(App\Controllers\Parkir))
 4 SYSTEMPATH\CodeIgniter.php(351): CodeIgniter\CodeIgniter->handleRequest(null, Object(Config\Cache), false)
 5 FCPATH\index.php(55): CodeIgniter\CodeIgniter->run()
 6 SYSTEMPATH\Commands\Server\rewrite.php(43): require_once('FCPATH\\index.php')
CRITICAL - 2022-12-31 10:47:26 --> Undefined array key "date"
in APPPATH\Controllers\Parkir.php on line 329.
 1 APPPATH\Controllers\Parkir.php(329): CodeIgniter\Debug\Exceptions->errorHandler(2, 'Undefined array key "date"', 'APPPATH\\Controllers\\Parkir.php', 329)
 2 SYSTEMPATH\CodeIgniter.php(898): App\Controllers\Parkir->get_detail()
 3 SYSTEMPATH\CodeIgniter.php(468): CodeIgniter\CodeIgniter->runController(Object(App\Controllers\Parkir))
 4 SYSTEMPATH\CodeIgniter.php(351): CodeIgniter\CodeIgniter->handleRequest(null, Object(Config\Cache), false)
 5 FCPATH\index.php(55): CodeIgniter\CodeIgniter->run()
 6 SYSTEMPATH\Commands\Server\rewrite.php(43): require_once('FCPATH\\index.php')
CRITICAL - 2022-12-31 10:47:26 --> Undefined array key "date"
in APPPATH\Controllers\Parkir.php on line 329.
 1 APPPATH\Controllers\Parkir.php(329): CodeIgniter\Debug\Exceptions->errorHandler(2, 'Undefined array key "date"', 'APPPATH\\Controllers\\Parkir.php', 329)
 2 SYSTEMPATH\CodeIgniter.php(898): App\Controllers\Parkir->get_detail()
 3 SYSTEMPATH\CodeIgniter.php(468): CodeIgniter\CodeIgniter->runController(Object(App\Controllers\Parkir))
 4 SYSTEMPATH\CodeIgniter.php(351): CodeIgniter\CodeIgniter->handleRequest(null, Object(Config\Cache), false)
 5 FCPATH\index.php(55): CodeIgniter\CodeIgniter->run()
 6 SYSTEMPATH\Commands\Server\rewrite.php(43): require_once('FCPATH\\index.php')
