CRITICAL - 2022-08-16 08:22:54 --> Undefined variable: GRcapacity
in APPPATH\Views\pages\main.php on line 38.
 1 APPPATH\Views\pages\main.php(38): CodeIgniter\Debug\Exceptions->errorHandler(8, 'Undefined variable: GRcapacity', 'APPPATH\\Views\\pages\\main.php', 38, [...])
 2 SYSTEMPATH\View\View.php(213): include('APPPATH\\Views\\pages\\main.php')
 3 SYSTEMPATH\View\View.php(216): CodeIgniter\View\View->CodeIgniter\View\{closure}()
 4 SYSTEMPATH\Common.php(1135): CodeIgniter\View\View->render('pages/main', [], true)
 5 APPPATH\Controllers\Parkir.php(55): view('pages/main', [...])
 6 SYSTEMPATH\CodeIgniter.php(896): App\Controllers\Parkir->index()
 7 SYSTEMPATH\CodeIgniter.php(466): CodeIgniter\CodeIgniter->runController(Object(App\Controllers\Parkir))
 8 SYSTEMPATH\CodeIgniter.php(349): CodeIgniter\CodeIgniter->handleRequest(null, Object(Config\Cache), false)
 9 FCPATH\index.php(55): CodeIgniter\CodeIgniter->run()
10 SYSTEMPATH\Commands\Server\rewrite.php(43): require_once('FCPATH\\index.php')
CRITICAL - 2022-08-16 08:23:59 --> Undefined variable: GRVehicle
in APPPATH\Views\pages\main.php on line 40.
 1 APPPATH\Views\pages\main.php(40): CodeIgniter\Debug\Exceptions->errorHandler(8, 'Undefined variable: GRVehicle', 'APPPATH\\Views\\pages\\main.php', 40, [...])
 2 SYSTEMPATH\View\View.php(213): include('APPPATH\\Views\\pages\\main.php')
 3 SYSTEMPATH\View\View.php(216): CodeIgniter\View\View->CodeIgniter\View\{closure}()
 4 SYSTEMPATH\Common.php(1135): CodeIgniter\View\View->render('pages/main', [], true)
 5 APPPATH\Controllers\Parkir.php(55): view('pages/main', [...])
 6 SYSTEMPATH\CodeIgniter.php(896): App\Controllers\Parkir->index()
 7 SYSTEMPATH\CodeIgniter.php(466): CodeIgniter\CodeIgniter->runController(Object(App\Controllers\Parkir))
 8 SYSTEMPATH\CodeIgniter.php(349): CodeIgniter\CodeIgniter->handleRequest(null, Object(Config\Cache), false)
 9 FCPATH\index.php(55): CodeIgniter\CodeIgniter->run()
10 SYSTEMPATH\Commands\Server\rewrite.php(43): require_once('FCPATH\\index.php')
ERROR - 2022-08-16 15:44:24 --> Error connecting to the database: No connection could be made because the target machine actively refused it.

CRITICAL - 2022-08-16 15:44:24 --> Unable to connect to the database.
Main connection [MySQLi]: No connection could be made because the target machine actively refused it.

in SYSTEMPATH\Database\BaseConnection.php on line 416.
 1 SYSTEMPATH\Database\BaseConnection.php(586): CodeIgniter\Database\BaseConnection->initialize()
 2 SYSTEMPATH\Database\BaseBuilder.php(1585): CodeIgniter\Database\BaseConnection->query('SELECT *
FROM `tb_user`
WHERE `email` = :email:', [...], false)
 3 APPPATH\Models\ParkirModel.php(74): CodeIgniter\Database\BaseBuilder->get()
 4 APPPATH\Controllers\Parkir.php(199): App\Models\ParkirModel->_getUserByEmail('satpam@akastra.id')
 5 SYSTEMPATH\CodeIgniter.php(896): App\Controllers\Parkir->authentication()
 6 SYSTEMPATH\CodeIgniter.php(466): CodeIgniter\CodeIgniter->runController(Object(App\Controllers\Parkir))
 7 SYSTEMPATH\CodeIgniter.php(349): CodeIgniter\CodeIgniter->handleRequest(null, Object(Config\Cache), false)
 8 FCPATH\index.php(55): CodeIgniter\CodeIgniter->run()
 9 SYSTEMPATH\Commands\Server\rewrite.php(43): require_once('FCPATH\\index.php')
ERROR - 2022-08-16 15:44:29 --> Error connecting to the database: No connection could be made because the target machine actively refused it.

CRITICAL - 2022-08-16 15:44:29 --> Unable to connect to the database.
Main connection [MySQLi]: No connection could be made because the target machine actively refused it.

in SYSTEMPATH\Database\BaseConnection.php on line 416.
 1 SYSTEMPATH\Database\BaseConnection.php(586): CodeIgniter\Database\BaseConnection->initialize()
 2 SYSTEMPATH\Database\BaseBuilder.php(1585): CodeIgniter\Database\BaseConnection->query('SELECT *
FROM `tb_user`
WHERE `email` = :email:', [...], false)
 3 APPPATH\Models\ParkirModel.php(74): CodeIgniter\Database\BaseBuilder->get()
 4 APPPATH\Controllers\Parkir.php(199): App\Models\ParkirModel->_getUserByEmail('satpam@akastra.id')
 5 SYSTEMPATH\CodeIgniter.php(896): App\Controllers\Parkir->authentication()
 6 SYSTEMPATH\CodeIgniter.php(466): CodeIgniter\CodeIgniter->runController(Object(App\Controllers\Parkir))
 7 SYSTEMPATH\CodeIgniter.php(349): CodeIgniter\CodeIgniter->handleRequest(null, Object(Config\Cache), false)
 8 FCPATH\index.php(55): CodeIgniter\CodeIgniter->run()
 9 SYSTEMPATH\Commands\Server\rewrite.php(43): require_once('FCPATH\\index.php')
CRITICAL - 2022-08-16 16:28:52 --> Undefined variable: grup
in APPPATH\Views\pages\depan.php on line 94.
 1 APPPATH\Views\pages\depan.php(94): CodeIgniter\Debug\Exceptions->errorHandler(8, 'Undefined variable: grup', 'APPPATH\\Views\\pages\\depan.php', 94, [...])
 2 SYSTEMPATH\View\View.php(213): include('APPPATH\\Views\\pages\\depan.php')
 3 SYSTEMPATH\View\View.php(216): CodeIgniter\View\View->CodeIgniter\View\{closure}()
 4 SYSTEMPATH\Common.php(1135): CodeIgniter\View\View->render('pages/depan', [], true)
 5 APPPATH\Controllers\Parkir.php(102): view('pages/depan', [...])
 6 SYSTEMPATH\CodeIgniter.php(896): App\Controllers\Parkir->depan()
 7 SYSTEMPATH\CodeIgniter.php(466): CodeIgniter\CodeIgniter->runController(Object(App\Controllers\Parkir))
 8 SYSTEMPATH\CodeIgniter.php(349): CodeIgniter\CodeIgniter->handleRequest(null, Object(Config\Cache), false)
 9 FCPATH\index.php(55): CodeIgniter\CodeIgniter->run()
10 SYSTEMPATH\Commands\Server\rewrite.php(43): require_once('FCPATH\\index.php')
