CRITICAL - 2022-08-24 08:11:12 --> Unsupported operand types
in APPPATH\Controllers\Parkir.php on line 72.
 1 SYSTEMPATH\CodeIgniter.php(896): App\Controllers\Parkir->index()
 2 SYSTEMPATH\CodeIgniter.php(466): CodeIgniter\CodeIgniter->runController(Object(App\Controllers\Parkir))
 3 SYSTEMPATH\CodeIgniter.php(349): CodeIgniter\CodeIgniter->handleRequest(null, Object(Config\Cache), false)
 4 FCPATH\index.php(55): CodeIgniter\CodeIgniter->run()
 5 SYSTEMPATH\Commands\Server\rewrite.php(43): require_once('FCPATH\\index.php')
CRITICAL - 2022-08-24 08:11:40 --> Array to string conversion
in APPPATH\Views\pages\main.php on line 37.
 1 APPPATH\Views\pages\main.php(37): CodeIgniter\Debug\Exceptions->errorHandler(8, 'Array to string conversion', 'APPPATH\\Views\\pages\\main.php', 37, [...])
 2 SYSTEMPATH\View\View.php(213): include('APPPATH\\Views\\pages\\main.php')
 3 SYSTEMPATH\View\View.php(216): CodeIgniter\View\View->CodeIgniter\View\{closure}()
 4 SYSTEMPATH\Common.php(1135): CodeIgniter\View\View->render('pages/main', [], true)
 5 APPPATH\Controllers\Parkir.php(88): view('pages/main', [...])
 6 SYSTEMPATH\CodeIgniter.php(896): App\Controllers\Parkir->index()
 7 SYSTEMPATH\CodeIgniter.php(466): CodeIgniter\CodeIgniter->runController(Object(App\Controllers\Parkir))
 8 SYSTEMPATH\CodeIgniter.php(349): CodeIgniter\CodeIgniter->handleRequest(null, Object(Config\Cache), false)
 9 FCPATH\index.php(55): CodeIgniter\CodeIgniter->run()
10 SYSTEMPATH\Commands\Server\rewrite.php(43): require_once('FCPATH\\index.php')
CRITICAL - 2022-08-24 08:15:01 --> Trying to access array offset on value of type null
in APPPATH\Controllers\Parkir.php on line 354.
 1 APPPATH\Controllers\Parkir.php(354): CodeIgniter\Debug\Exceptions->errorHandler(8, 'Trying to access array offset on value of type null', 'APPPATH\\Controllers\\Parkir.php', 354, [...])
 2 SYSTEMPATH\CodeIgniter.php(896): App\Controllers\Parkir->update_posisi()
 3 SYSTEMPATH\CodeIgniter.php(466): CodeIgniter\CodeIgniter->runController(Object(App\Controllers\Parkir))
 4 SYSTEMPATH\CodeIgniter.php(349): CodeIgniter\CodeIgniter->handleRequest(null, Object(Config\Cache), false)
 5 FCPATH\index.php(55): CodeIgniter\CodeIgniter->run()
 6 SYSTEMPATH\Commands\Server\rewrite.php(43): require_once('FCPATH\\index.php')
