ERROR - 2025-07-23 08:23:19 --> Incorrect DATE value: '2'
CRITICAL - 2025-07-23 08:23:19 --> Incorrect DATE value: '2'
in SYSTEMPATH\Database\MySQLi\Connection.php on line 292.
 1 SYSTEMPATH\Database\MySQLi\Connection.php(292): mysqli->query('SELECT *
FROM `tb_parking`
WHERE `lokasi` = \'STALL_BP\'
AND `created_at` = \'2\'
ORDER BY `grup`, `position`', 0)
 2 SYSTEMPATH\Database\BaseConnection.php(695): CodeIgniter\Database\MySQLi\Connection->execute('SELECT *
FROM `tb_parking`
WHERE `lokasi` = \'STALL_BP\'
AND `created_at` = \'2\'
ORDER BY `grup`, `position`')
 3 SYSTEMPATH\Database\BaseConnection.php(609): CodeIgniter\Database\BaseConnection->simpleQuery('SELECT *
FROM `tb_parking`
WHERE `lokasi` = \'STALL_BP\'
AND `created_at` = \'2\'
ORDER BY `grup`, `position`')
 4 SYSTEMPATH\Database\BaseBuilder.php(1585): CodeIgniter\Database\BaseConnection->query('SELECT *
FROM `tb_parking`
WHERE `lokasi` = :lokasi:
AND `created_at` = :created_at:
ORDER BY `grup`, `position`', [...], false)
 5 APPPATH\Models\ParkirModel.php(48): CodeIgniter\Database\BaseBuilder->get()
 6 APPPATH\Controllers\Parkir.php(154): App\Models\ParkirModel->_getAllParkirByLocation('STALL_BP', '2')
 7 SYSTEMPATH\CodeIgniter.php(898): App\Controllers\Parkir->stall_bp('2')
 8 SYSTEMPATH\CodeIgniter.php(468): CodeIgniter\CodeIgniter->runController(Object(App\Controllers\Parkir))
 9 SYSTEMPATH\CodeIgniter.php(351): CodeIgniter\CodeIgniter->handleRequest(null, Object(Config\Cache), false)
10 FCPATH\index.php(55): CodeIgniter\CodeIgniter->run()
11 SYSTEMPATH\Commands\Server\rewrite.php(43): require_once('FCPATH\\index.php')
ERROR - 2025-07-23 08:37:44 --> Incorrect DATE value: '13'
CRITICAL - 2025-07-23 08:37:44 --> Incorrect DATE value: '13'
in SYSTEMPATH\Database\MySQLi\Connection.php on line 292.
 1 SYSTEMPATH\Database\MySQLi\Connection.php(292): mysqli->query('SELECT *
FROM `tb_parking`
WHERE `lokasi` = \'DEPAN\'
AND `created_at` = \'13\'
ORDER BY `grup`, `position`', 0)
 2 SYSTEMPATH\Database\BaseConnection.php(695): CodeIgniter\Database\MySQLi\Connection->execute('SELECT *
FROM `tb_parking`
WHERE `lokasi` = \'DEPAN\'
AND `created_at` = \'13\'
ORDER BY `grup`, `position`')
 3 SYSTEMPATH\Database\BaseConnection.php(609): CodeIgniter\Database\BaseConnection->simpleQuery('SELECT *
FROM `tb_parking`
WHERE `lokasi` = \'DEPAN\'
AND `created_at` = \'13\'
ORDER BY `grup`, `position`')
 4 SYSTEMPATH\Database\BaseBuilder.php(1585): CodeIgniter\Database\BaseConnection->query('SELECT *
FROM `tb_parking`
WHERE `lokasi` = :lokasi:
AND `created_at` = :created_at:
ORDER BY `grup`, `position`', [...], false)
 5 APPPATH\Models\ParkirModel.php(48): CodeIgniter\Database\BaseBuilder->get()
 6 APPPATH\Controllers\Parkir.php(115): App\Models\ParkirModel->_getAllParkirByLocation('DEPAN', '13', null)
 7 SYSTEMPATH\CodeIgniter.php(898): App\Controllers\Parkir->depan('13')
 8 SYSTEMPATH\CodeIgniter.php(468): CodeIgniter\CodeIgniter->runController(Object(App\Controllers\Parkir))
 9 SYSTEMPATH\CodeIgniter.php(351): CodeIgniter\CodeIgniter->handleRequest(null, Object(Config\Cache), false)
10 FCPATH\index.php(55): CodeIgniter\CodeIgniter->run()
11 SYSTEMPATH\Commands\Server\rewrite.php(43): require_once('FCPATH\\index.php')
ERROR - 2025-07-23 08:37:56 --> Incorrect DATE value: '13'
CRITICAL - 2025-07-23 08:37:56 --> Incorrect DATE value: '13'
in SYSTEMPATH\Database\MySQLi\Connection.php on line 292.
 1 SYSTEMPATH\Database\MySQLi\Connection.php(292): mysqli->query('SELECT *
FROM `tb_parking`
WHERE `lokasi` = \'DEPAN\'
AND `created_at` = \'13\'
ORDER BY `grup`, `position`', 0)
 2 SYSTEMPATH\Database\BaseConnection.php(695): CodeIgniter\Database\MySQLi\Connection->execute('SELECT *
FROM `tb_parking`
WHERE `lokasi` = \'DEPAN\'
AND `created_at` = \'13\'
ORDER BY `grup`, `position`')
 3 SYSTEMPATH\Database\BaseConnection.php(609): CodeIgniter\Database\BaseConnection->simpleQuery('SELECT *
FROM `tb_parking`
WHERE `lokasi` = \'DEPAN\'
AND `created_at` = \'13\'
ORDER BY `grup`, `position`')
 4 SYSTEMPATH\Database\BaseBuilder.php(1585): CodeIgniter\Database\BaseConnection->query('SELECT *
FROM `tb_parking`
WHERE `lokasi` = :lokasi:
AND `created_at` = :created_at:
ORDER BY `grup`, `position`', [...], false)
 5 APPPATH\Models\ParkirModel.php(48): CodeIgniter\Database\BaseBuilder->get()
 6 APPPATH\Controllers\Parkir.php(115): App\Models\ParkirModel->_getAllParkirByLocation('DEPAN', '13', null)
 7 SYSTEMPATH\CodeIgniter.php(898): App\Controllers\Parkir->depan('13')
 8 SYSTEMPATH\CodeIgniter.php(468): CodeIgniter\CodeIgniter->runController(Object(App\Controllers\Parkir))
 9 SYSTEMPATH\CodeIgniter.php(351): CodeIgniter\CodeIgniter->handleRequest(null, Object(Config\Cache), false)
10 FCPATH\index.php(55): CodeIgniter\CodeIgniter->run()
11 SYSTEMPATH\Commands\Server\rewrite.php(43): require_once('FCPATH\\index.php')
ERROR - 2025-07-23 08:38:01 --> Incorrect DATE value: '2'
CRITICAL - 2025-07-23 08:38:01 --> Incorrect DATE value: '2'
in SYSTEMPATH\Database\MySQLi\Connection.php on line 292.
 1 SYSTEMPATH\Database\MySQLi\Connection.php(292): mysqli->query('SELECT *
FROM `tb_parking`
WHERE `lokasi` = \'STALL_BP\'
AND `created_at` = \'2\'
ORDER BY `grup`, `position`', 0)
 2 SYSTEMPATH\Database\BaseConnection.php(695): CodeIgniter\Database\MySQLi\Connection->execute('SELECT *
FROM `tb_parking`
WHERE `lokasi` = \'STALL_BP\'
AND `created_at` = \'2\'
ORDER BY `grup`, `position`')
 3 SYSTEMPATH\Database\BaseConnection.php(609): CodeIgniter\Database\BaseConnection->simpleQuery('SELECT *
FROM `tb_parking`
WHERE `lokasi` = \'STALL_BP\'
AND `created_at` = \'2\'
ORDER BY `grup`, `position`')
 4 SYSTEMPATH\Database\BaseBuilder.php(1585): CodeIgniter\Database\BaseConnection->query('SELECT *
FROM `tb_parking`
WHERE `lokasi` = :lokasi:
AND `created_at` = :created_at:
ORDER BY `grup`, `position`', [...], false)
 5 APPPATH\Models\ParkirModel.php(48): CodeIgniter\Database\BaseBuilder->get()
 6 APPPATH\Controllers\Parkir.php(154): App\Models\ParkirModel->_getAllParkirByLocation('STALL_BP', '2')
 7 SYSTEMPATH\CodeIgniter.php(898): App\Controllers\Parkir->stall_bp('2')
 8 SYSTEMPATH\CodeIgniter.php(468): CodeIgniter\CodeIgniter->runController(Object(App\Controllers\Parkir))
 9 SYSTEMPATH\CodeIgniter.php(351): CodeIgniter\CodeIgniter->handleRequest(null, Object(Config\Cache), false)
10 FCPATH\index.php(55): CodeIgniter\CodeIgniter->run()
11 SYSTEMPATH\Commands\Server\rewrite.php(43): require_once('FCPATH\\index.php')
ERROR - 2025-07-23 08:48:32 --> Column 'id' in field list is ambiguous
CRITICAL - 2025-07-23 08:48:32 --> Column 'id' in field list is ambiguous
in SYSTEMPATH\Database\MySQLi\Connection.php on line 292.
 1 SYSTEMPATH\Database\MySQLi\Connection.php(292): mysqli->query('SELECT `id`
FROM `tb_parking`
JOIN `tb_model_kendaraan` ON `tb_parking`.`model_code` = `tb_model_kendaraan`.`model_code`
WHERE `license_plate` LIKE \'%dasd%\' ESCAPE \'!\'
ORDER BY `tb_parking`.`created_at` DESC
 LIMIT 4', 0)
 2 SYSTEMPATH\Database\BaseConnection.php(695): CodeIgniter\Database\MySQLi\Connection->execute('SELECT `id`
FROM `tb_parking`
JOIN `tb_model_kendaraan` ON `tb_parking`.`model_code` = `tb_model_kendaraan`.`model_code`
WHERE `license_plate` LIKE \'%dasd%\' ESCAPE \'!\'
ORDER BY `tb_parking`.`created_at` DESC
 LIMIT 4')
 3 SYSTEMPATH\Database\BaseConnection.php(609): CodeIgniter\Database\BaseConnection->simpleQuery('SELECT `id`
FROM `tb_parking`
JOIN `tb_model_kendaraan` ON `tb_parking`.`model_code` = `tb_model_kendaraan`.`model_code`
WHERE `license_plate` LIKE \'%dasd%\' ESCAPE \'!\'
ORDER BY `tb_parking`.`created_at` DESC
 LIMIT 4')
 4 SYSTEMPATH\Database\BaseBuilder.php(1585): CodeIgniter\Database\BaseConnection->query('SELECT `id`
FROM `tb_parking`
JOIN `tb_model_kendaraan` ON `tb_parking`.`model_code` = `tb_model_kendaraan`.`model_code`
WHERE `license_plate` LIKE :license_plate: ESCAPE \'!\'
ORDER BY `tb_parking`.`created_at` DESC
 LIMIT 4', [...], false)
 5 SYSTEMPATH\Model.php(771): CodeIgniter\Database\BaseBuilder->get()
 6 APPPATH\Controllers\Parkir.php(592): CodeIgniter\Model->__call('get', [])
 7 SYSTEMPATH\CodeIgniter.php(898): App\Controllers\Parkir->search_car()
 8 SYSTEMPATH\CodeIgniter.php(468): CodeIgniter\CodeIgniter->runController(Object(App\Controllers\Parkir))
 9 SYSTEMPATH\CodeIgniter.php(351): CodeIgniter\CodeIgniter->handleRequest(null, Object(Config\Cache), false)
10 FCPATH\index.php(55): CodeIgniter\CodeIgniter->run()
11 SYSTEMPATH\Commands\Server\rewrite.php(43): require_once('FCPATH\\index.php')
CRITICAL - 2025-07-23 09:40:12 --> Undefined variable $catSummary
in APPPATH\Controllers\Parkir.php on line 83.
 1 APPPATH\Controllers\Parkir.php(83): CodeIgniter\Debug\Exceptions->errorHandler(2, 'Undefined variable $catSummary', 'APPPATH\\Controllers\\Parkir.php', 83)
 2 SYSTEMPATH\CodeIgniter.php(898): App\Controllers\Parkir->index()
 3 SYSTEMPATH\CodeIgniter.php(468): CodeIgniter\CodeIgniter->runController(Object(App\Controllers\Parkir))
 4 SYSTEMPATH\CodeIgniter.php(351): CodeIgniter\CodeIgniter->handleRequest(null, Object(Config\Cache), false)
 5 FCPATH\index.php(55): CodeIgniter\CodeIgniter->run()
 6 SYSTEMPATH\Commands\Server\rewrite.php(43): require_once('FCPATH\\index.php')
ERROR - 2025-07-23 09:44:28 --> Table 'body-paint.tb_parking' doesn't exist
CRITICAL - 2025-07-23 09:44:28 --> Table 'body-paint.tb_parking' doesn't exist
in SYSTEMPATH\Database\MySQLi\Connection.php on line 292.
 1 SYSTEMPATH\Database\MySQLi\Connection.php(292): mysqli->query('SELECT *
FROM `tb_parking`
WHERE `created_at` = \'2025-07-23\'', 0)
 2 SYSTEMPATH\Database\BaseConnection.php(695): CodeIgniter\Database\MySQLi\Connection->execute('SELECT *
FROM `tb_parking`
WHERE `created_at` = \'2025-07-23\'')
 3 SYSTEMPATH\Database\BaseConnection.php(609): CodeIgniter\Database\BaseConnection->simpleQuery('SELECT *
FROM `tb_parking`
WHERE `created_at` = \'2025-07-23\'')
 4 SYSTEMPATH\Database\BaseBuilder.php(1585): CodeIgniter\Database\BaseConnection->query('SELECT *
FROM `tb_parking`
WHERE `created_at` = :created_at:', [...], false)
 5 SYSTEMPATH\Model.php(771): CodeIgniter\Database\BaseBuilder->get()
 6 APPPATH\Controllers\Parkir.php(60): CodeIgniter\Model->__call('get', [])
 7 SYSTEMPATH\CodeIgniter.php(898): App\Controllers\Parkir->index()
 8 SYSTEMPATH\CodeIgniter.php(468): CodeIgniter\CodeIgniter->runController(Object(App\Controllers\Parkir))
 9 SYSTEMPATH\CodeIgniter.php(351): CodeIgniter\CodeIgniter->handleRequest(null, Object(Config\Cache), false)
10 FCPATH\index.php(55): CodeIgniter\CodeIgniter->run()
11 SYSTEMPATH\Commands\Server\rewrite.php(43): require_once('FCPATH\\index.php')
CRITICAL - 2025-07-23 10:00:06 --> CodeIgniter\Database\BaseResult::getResult(): Argument #1 ($type) must be of type string, null given, called in D:\Business Dev\Project\Servers\VPS\6. Parking\akastra-parking\vendor\codeigniter4\framework\system\Model.php on line 223
in SYSTEMPATH\Database\BaseResult.php on line 96.
 1 SYSTEMPATH\Model.php(223): CodeIgniter\Database\BaseResult->getResult(null)
 2 SYSTEMPATH\BaseModel.php(584): CodeIgniter\Model->doFindAll(0, 0)
 3 APPPATH\Controllers\Parkir.php(55): CodeIgniter\BaseModel->findAll()
 4 SYSTEMPATH\CodeIgniter.php(898): App\Controllers\Parkir->index()
 5 SYSTEMPATH\CodeIgniter.php(468): CodeIgniter\CodeIgniter->runController(Object(App\Controllers\Parkir))
 6 SYSTEMPATH\CodeIgniter.php(351): CodeIgniter\CodeIgniter->handleRequest(null, Object(Config\Cache), false)
 7 FCPATH\index.php(55): CodeIgniter\CodeIgniter->run()
 8 SYSTEMPATH\Commands\Server\rewrite.php(43): require_once('FCPATH\\index.php')
CRITICAL - 2025-07-23 10:00:09 --> CodeIgniter\Database\BaseResult::getResult(): Argument #1 ($type) must be of type string, null given, called in D:\Business Dev\Project\Servers\VPS\6. Parking\akastra-parking\vendor\codeigniter4\framework\system\Model.php on line 223
in SYSTEMPATH\Database\BaseResult.php on line 96.
 1 SYSTEMPATH\Model.php(223): CodeIgniter\Database\BaseResult->getResult(null)
 2 SYSTEMPATH\BaseModel.php(584): CodeIgniter\Model->doFindAll(0, 0)
 3 APPPATH\Controllers\Parkir.php(55): CodeIgniter\BaseModel->findAll()
 4 SYSTEMPATH\CodeIgniter.php(898): App\Controllers\Parkir->index()
 5 SYSTEMPATH\CodeIgniter.php(468): CodeIgniter\CodeIgniter->runController(Object(App\Controllers\Parkir))
 6 SYSTEMPATH\CodeIgniter.php(351): CodeIgniter\CodeIgniter->handleRequest(null, Object(Config\Cache), false)
 7 FCPATH\index.php(55): CodeIgniter\CodeIgniter->run()
 8 SYSTEMPATH\Commands\Server\rewrite.php(43): require_once('FCPATH\\index.php')
CRITICAL - 2025-07-23 10:21:53 --> Undefined array key "model"
in APPPATH\Views\pages\home.php on line 100.
 1 APPPATH\Views\pages\home.php(100): CodeIgniter\Debug\Exceptions->errorHandler(2, 'Undefined array key "model"', 'APPPATH\\Views\\pages\\home.php', 100)
 2 SYSTEMPATH\View\View.php(213): include('APPPATH\\Views\\pages\\home.php')
 3 SYSTEMPATH\View\View.php(216): CodeIgniter\View\View->CodeIgniter\View\{closure}()
 4 SYSTEMPATH\Common.php(1135): CodeIgniter\View\View->render('pages/home', [], true)
 5 APPPATH\Controllers\Parkir.php(99): view('pages/home', [...])
 6 SYSTEMPATH\CodeIgniter.php(898): App\Controllers\Parkir->index()
 7 SYSTEMPATH\CodeIgniter.php(468): CodeIgniter\CodeIgniter->runController(Object(App\Controllers\Parkir))
 8 SYSTEMPATH\CodeIgniter.php(351): CodeIgniter\CodeIgniter->handleRequest(null, Object(Config\Cache), false)
 9 FCPATH\index.php(55): CodeIgniter\CodeIgniter->run()
10 SYSTEMPATH\Commands\Server\rewrite.php(43): require_once('FCPATH\\index.php')
CRITICAL - 2025-07-23 10:21:57 --> Undefined array key "model"
in APPPATH\Views\pages\home.php on line 100.
 1 APPPATH\Views\pages\home.php(100): CodeIgniter\Debug\Exceptions->errorHandler(2, 'Undefined array key "model"', 'APPPATH\\Views\\pages\\home.php', 100)
 2 SYSTEMPATH\View\View.php(213): include('APPPATH\\Views\\pages\\home.php')
 3 SYSTEMPATH\View\View.php(216): CodeIgniter\View\View->CodeIgniter\View\{closure}()
 4 SYSTEMPATH\Common.php(1135): CodeIgniter\View\View->render('pages/home', [], true)
 5 APPPATH\Controllers\Parkir.php(99): view('pages/home', [...])
 6 SYSTEMPATH\CodeIgniter.php(898): App\Controllers\Parkir->index()
 7 SYSTEMPATH\CodeIgniter.php(468): CodeIgniter\CodeIgniter->runController(Object(App\Controllers\Parkir))
 8 SYSTEMPATH\CodeIgniter.php(351): CodeIgniter\CodeIgniter->handleRequest(null, Object(Config\Cache), false)
 9 FCPATH\index.php(55): CodeIgniter\CodeIgniter->run()
10 SYSTEMPATH\Commands\Server\rewrite.php(43): require_once('FCPATH\\index.php')
CRITICAL - 2025-07-23 10:24:26 --> Undefined array key "license_code"
in APPPATH\Views\pages\home.php on line 100.
 1 APPPATH\Views\pages\home.php(100): CodeIgniter\Debug\Exceptions->errorHandler(2, 'Undefined array key "license_code"', 'APPPATH\\Views\\pages\\home.php', 100)
 2 SYSTEMPATH\View\View.php(213): include('APPPATH\\Views\\pages\\home.php')
 3 SYSTEMPATH\View\View.php(216): CodeIgniter\View\View->CodeIgniter\View\{closure}()
 4 SYSTEMPATH\Common.php(1135): CodeIgniter\View\View->render('pages/home', [], true)
 5 APPPATH\Controllers\Parkir.php(99): view('pages/home', [...])
 6 SYSTEMPATH\CodeIgniter.php(898): App\Controllers\Parkir->index()
 7 SYSTEMPATH\CodeIgniter.php(468): CodeIgniter\CodeIgniter->runController(Object(App\Controllers\Parkir))
 8 SYSTEMPATH\CodeIgniter.php(351): CodeIgniter\CodeIgniter->handleRequest(null, Object(Config\Cache), false)
 9 FCPATH\index.php(55): CodeIgniter\CodeIgniter->run()
10 SYSTEMPATH\Commands\Server\rewrite.php(43): require_once('FCPATH\\index.php')
CRITICAL - 2025-07-23 10:25:25 --> Undefined array key "divisi"
in APPPATH\Views\pages\home.php on line 100.
 1 APPPATH\Views\pages\home.php(100): CodeIgniter\Debug\Exceptions->errorHandler(2, 'Undefined array key "divisi"', 'APPPATH\\Views\\pages\\home.php', 100)
 2 SYSTEMPATH\View\View.php(213): include('APPPATH\\Views\\pages\\home.php')
 3 SYSTEMPATH\View\View.php(216): CodeIgniter\View\View->CodeIgniter\View\{closure}()
 4 SYSTEMPATH\Common.php(1135): CodeIgniter\View\View->render('pages/home', [], true)
 5 APPPATH\Controllers\Parkir.php(99): view('pages/home', [...])
 6 SYSTEMPATH\CodeIgniter.php(898): App\Controllers\Parkir->index()
 7 SYSTEMPATH\CodeIgniter.php(468): CodeIgniter\CodeIgniter->runController(Object(App\Controllers\Parkir))
 8 SYSTEMPATH\CodeIgniter.php(351): CodeIgniter\CodeIgniter->handleRequest(null, Object(Config\Cache), false)
 9 FCPATH\index.php(55): CodeIgniter\CodeIgniter->run()
10 SYSTEMPATH\Commands\Server\rewrite.php(43): require_once('FCPATH\\index.php')
CRITICAL - 2025-07-23 10:35:23 --> Trying to access array offset on value of type null
in APPPATH\Controllers\Parkir.php on line 380.
 1 APPPATH\Controllers\Parkir.php(380): CodeIgniter\Debug\Exceptions->errorHandler(2, 'Trying to access array offset on value of type null', 'APPPATH\\Controllers\\Parkir.php', 380)
 2 SYSTEMPATH\CodeIgniter.php(898): App\Controllers\Parkir->update_posisi()
 3 SYSTEMPATH\CodeIgniter.php(468): CodeIgniter\CodeIgniter->runController(Object(App\Controllers\Parkir))
 4 SYSTEMPATH\CodeIgniter.php(351): CodeIgniter\CodeIgniter->handleRequest(null, Object(Config\Cache), false)
 5 FCPATH\index.php(55): CodeIgniter\CodeIgniter->run()
 6 SYSTEMPATH\Commands\Server\rewrite.php(43): require_once('FCPATH\\index.php')
CRITICAL - 2025-07-23 10:37:30 --> Trying to access array offset on value of type null
in APPPATH\Controllers\Parkir.php on line 380.
 1 APPPATH\Controllers\Parkir.php(380): CodeIgniter\Debug\Exceptions->errorHandler(2, 'Trying to access array offset on value of type null', 'APPPATH\\Controllers\\Parkir.php', 380)
 2 SYSTEMPATH\CodeIgniter.php(898): App\Controllers\Parkir->update_posisi()
 3 SYSTEMPATH\CodeIgniter.php(468): CodeIgniter\CodeIgniter->runController(Object(App\Controllers\Parkir))
 4 SYSTEMPATH\CodeIgniter.php(351): CodeIgniter\CodeIgniter->handleRequest(null, Object(Config\Cache), false)
 5 FCPATH\index.php(55): CodeIgniter\CodeIgniter->run()
 6 SYSTEMPATH\Commands\Server\rewrite.php(43): require_once('FCPATH\\index.php')
