CRITICAL - 2023-09-14 21:03:29 --> fopen(/home/u1352758/public_html/parkir-v2/backend/writable/session/ci_sessionifc48lt7esrpcj8a2ur4bp7ph9c4v1tg): Failed to open stream: No such file or directory
in SYSTEMPATH/Session/Handlers/FileHandler.php on line 129.
 1 [internal function]: CodeIgniter\Debug\Exceptions->errorHandler()
 2 SYSTEMPATH/Session/Handlers/FileHandler.php(129): fopen()
 3 [internal function]: CodeIgniter\Session\Handlers\FileHandler->read()
 4 SYSTEMPATH/Session/Session.php(896): session_start()
 5 SYSTEMPATH/Session/Session.php(240): CodeIgniter\Session\Session->startSession()
 6 SYSTEMPATH/Config/Services.php(613): CodeIgniter\Session\Session->start()
 7 SYSTEMPATH/Config/BaseService.php(251): CodeIgniter\Config\Services::session()
 8 SYSTEMPATH/Config/BaseService.php(192): CodeIgniter\Config\BaseService::__callStatic()
 9 SYSTEMPATH/Config/Services.php(585): CodeIgniter\Config\BaseService::getSharedInstance()
10 SYSTEMPATH/Config/BaseService.php(251): CodeIgniter\Config\Services::session()
11 SYSTEMPATH/Common.php(932): CodeIgniter\Config\BaseService::__callStatic()
12 APPPATH/Filters/Auth.php(29): session()
13 SYSTEMPATH/Filters/Filters.php(173): App\Filters\Auth->before()
14 SYSTEMPATH/CodeIgniter.php(442): CodeIgniter\Filters\Filters->run()
15 SYSTEMPATH/CodeIgniter.php(351): CodeIgniter\CodeIgniter->handleRequest()
16 FCPATH/index.php(55): CodeIgniter\CodeIgniter->run()
CRITICAL - 2023-09-14 21:03:29 --> fopen(/home/u1352758/public_html/parkir-v2/backend/writable/session/ci_sessione6t9epeh2jd6q6sllsi9avs2trgjk087): Failed to open stream: No such file or directory
in SYSTEMPATH/Session/Handlers/FileHandler.php on line 129.
 1 [internal function]: CodeIgniter\Debug\Exceptions->errorHandler()
 2 SYSTEMPATH/Session/Handlers/FileHandler.php(129): fopen()
 3 [internal function]: CodeIgniter\Session\Handlers\FileHandler->read()
 4 SYSTEMPATH/Session/Session.php(896): session_start()
 5 SYSTEMPATH/Session/Session.php(240): CodeIgniter\Session\Session->startSession()
 6 SYSTEMPATH/Config/Services.php(613): CodeIgniter\Session\Session->start()
 7 SYSTEMPATH/Config/BaseService.php(251): CodeIgniter\Config\Services::session()
 8 SYSTEMPATH/Config/BaseService.php(192): CodeIgniter\Config\BaseService::__callStatic()
 9 SYSTEMPATH/Config/Services.php(585): CodeIgniter\Config\BaseService::getSharedInstance()
10 SYSTEMPATH/Config/BaseService.php(251): CodeIgniter\Config\Services::session()
11 SYSTEMPATH/Common.php(932): CodeIgniter\Config\BaseService::__callStatic()
12 APPPATH/Filters/Auth.php(29): session()
13 SYSTEMPATH/Filters/Filters.php(173): App\Filters\Auth->before()
14 SYSTEMPATH/CodeIgniter.php(442): CodeIgniter\Filters\Filters->run()
15 SYSTEMPATH/CodeIgniter.php(351): CodeIgniter\CodeIgniter->handleRequest()
16 FCPATH/index.php(55): CodeIgniter\CodeIgniter->run()
