ERROR - 2024-03-27 17:40:28 --> Error connecting to the database: Can't connect to local server through socket '/var/lib/mysql/mysql.sock' (2)
CRITICAL - 2024-03-27 17:40:28 --> Unable to connect to the database.
Main connection [MySQLi]: Can't connect to local server through socket '/var/lib/mysql/mysql.sock' (2)
in SYSTEMPATH/Database/BaseConnection.php on line 416.
 1 SYSTEMPATH/Database/BaseConnection.php(586): CodeIgniter\Database\BaseConnection->initialize()
 2 SYSTEMPATH/Database/BaseBuilder.php(1585): CodeIgniter\Database\BaseConnection->query()
 3 APPPATH/Models/ParkirModel.php(74): CodeIgniter\Database\BaseBuilder->get()
 4 APPPATH/Controllers/Parkir.php(270): App\Models\ParkirModel->_getUserByEmail()
 5 SYSTEMPATH/CodeIgniter.php(898): App\Controllers\Parkir->authentication()
 6 SYSTEMPATH/CodeIgniter.php(468): CodeIgniter\CodeIgniter->runController()
 7 SYSTEMPATH/CodeIgniter.php(351): CodeIgniter\CodeIgniter->handleRequest()
 8 FCPATH/index.php(55): CodeIgniter\CodeIgniter->run()
ERROR - 2024-03-27 17:40:28 --> Error connecting to the database: Can't connect to local server through socket '/var/lib/mysql/mysql.sock' (2)
CRITICAL - 2024-03-27 17:40:28 --> Unable to connect to the database.
Main connection [MySQLi]: Can't connect to local server through socket '/var/lib/mysql/mysql.sock' (2)
in SYSTEMPATH/Database/BaseConnection.php on line 416.
 1 SYSTEMPATH/Database/BaseConnection.php(586): CodeIgniter\Database\BaseConnection->initialize()
 2 SYSTEMPATH/Database/BaseBuilder.php(1585): CodeIgniter\Database\BaseConnection->query()
 3 APPPATH/Models/ParkirModel.php(74): CodeIgniter\Database\BaseBuilder->get()
 4 APPPATH/Controllers/Parkir.php(270): App\Models\ParkirModel->_getUserByEmail()
 5 SYSTEMPATH/CodeIgniter.php(898): App\Controllers\Parkir->authentication()
 6 SYSTEMPATH/CodeIgniter.php(468): CodeIgniter\CodeIgniter->runController()
 7 SYSTEMPATH/CodeIgniter.php(351): CodeIgniter\CodeIgniter->handleRequest()
 8 FCPATH/index.php(55): CodeIgniter\CodeIgniter->run()
ERROR - 2024-03-27 17:40:28 --> Error connecting to the database: Can't connect to local server through socket '/var/lib/mysql/mysql.sock' (2)
CRITICAL - 2024-03-27 17:40:28 --> Unable to connect to the database.
Main connection [MySQLi]: Can't connect to local server through socket '/var/lib/mysql/mysql.sock' (2)
in SYSTEMPATH/Database/BaseConnection.php on line 416.
 1 SYSTEMPATH/Database/BaseConnection.php(586): CodeIgniter\Database\BaseConnection->initialize()
 2 SYSTEMPATH/Database/BaseBuilder.php(1585): CodeIgniter\Database\BaseConnection->query()
 3 APPPATH/Models/ParkirModel.php(74): CodeIgniter\Database\BaseBuilder->get()
 4 APPPATH/Controllers/Parkir.php(270): App\Models\ParkirModel->_getUserByEmail()
 5 SYSTEMPATH/CodeIgniter.php(898): App\Controllers\Parkir->authentication()
 6 SYSTEMPATH/CodeIgniter.php(468): CodeIgniter\CodeIgniter->runController()
 7 SYSTEMPATH/CodeIgniter.php(351): CodeIgniter\CodeIgniter->handleRequest()
 8 FCPATH/index.php(55): CodeIgniter\CodeIgniter->run()
ERROR - 2024-03-27 17:40:29 --> Error connecting to the database: Can't connect to local server through socket '/var/lib/mysql/mysql.sock' (2)
CRITICAL - 2024-03-27 17:40:29 --> Unable to connect to the database.
Main connection [MySQLi]: Can't connect to local server through socket '/var/lib/mysql/mysql.sock' (2)
in SYSTEMPATH/Database/BaseConnection.php on line 416.
 1 SYSTEMPATH/Database/BaseConnection.php(586): CodeIgniter\Database\BaseConnection->initialize()
 2 SYSTEMPATH/Database/BaseBuilder.php(1585): CodeIgniter\Database\BaseConnection->query()
 3 APPPATH/Models/ParkirModel.php(74): CodeIgniter\Database\BaseBuilder->get()
 4 APPPATH/Controllers/Parkir.php(270): App\Models\ParkirModel->_getUserByEmail()
 5 SYSTEMPATH/CodeIgniter.php(898): App\Controllers\Parkir->authentication()
 6 SYSTEMPATH/CodeIgniter.php(468): CodeIgniter\CodeIgniter->runController()
 7 SYSTEMPATH/CodeIgniter.php(351): CodeIgniter\CodeIgniter->handleRequest()
 8 FCPATH/index.php(55): CodeIgniter\CodeIgniter->run()
ERROR - 2024-03-27 17:40:29 --> Error connecting to the database: Can't connect to local server through socket '/var/lib/mysql/mysql.sock' (2)
CRITICAL - 2024-03-27 17:40:29 --> Unable to connect to the database.
Main connection [MySQLi]: Can't connect to local server through socket '/var/lib/mysql/mysql.sock' (2)
in SYSTEMPATH/Database/BaseConnection.php on line 416.
 1 SYSTEMPATH/Database/BaseConnection.php(586): CodeIgniter\Database\BaseConnection->initialize()
 2 SYSTEMPATH/Database/BaseBuilder.php(1585): CodeIgniter\Database\BaseConnection->query()
 3 APPPATH/Models/ParkirModel.php(74): CodeIgniter\Database\BaseBuilder->get()
 4 APPPATH/Controllers/Parkir.php(270): App\Models\ParkirModel->_getUserByEmail()
 5 SYSTEMPATH/CodeIgniter.php(898): App\Controllers\Parkir->authentication()
 6 SYSTEMPATH/CodeIgniter.php(468): CodeIgniter\CodeIgniter->runController()
 7 SYSTEMPATH/CodeIgniter.php(351): CodeIgniter\CodeIgniter->handleRequest()
 8 FCPATH/index.php(55): CodeIgniter\CodeIgniter->run()
ERROR - 2024-03-27 17:40:29 --> Error connecting to the database: Can't connect to local server through socket '/var/lib/mysql/mysql.sock' (2)
CRITICAL - 2024-03-27 17:40:29 --> Unable to connect to the database.
Main connection [MySQLi]: Can't connect to local server through socket '/var/lib/mysql/mysql.sock' (2)
in SYSTEMPATH/Database/BaseConnection.php on line 416.
 1 SYSTEMPATH/Database/BaseConnection.php(586): CodeIgniter\Database\BaseConnection->initialize()
 2 SYSTEMPATH/Database/BaseBuilder.php(1585): CodeIgniter\Database\BaseConnection->query()
 3 APPPATH/Models/ParkirModel.php(74): CodeIgniter\Database\BaseBuilder->get()
 4 APPPATH/Controllers/Parkir.php(270): App\Models\ParkirModel->_getUserByEmail()
 5 SYSTEMPATH/CodeIgniter.php(898): App\Controllers\Parkir->authentication()
 6 SYSTEMPATH/CodeIgniter.php(468): CodeIgniter\CodeIgniter->runController()
 7 SYSTEMPATH/CodeIgniter.php(351): CodeIgniter\CodeIgniter->handleRequest()
 8 FCPATH/index.php(55): CodeIgniter\CodeIgniter->run()
ERROR - 2024-03-27 17:40:29 --> Error connecting to the database: Can't connect to local server through socket '/var/lib/mysql/mysql.sock' (2)
CRITICAL - 2024-03-27 17:40:29 --> Unable to connect to the database.
Main connection [MySQLi]: Can't connect to local server through socket '/var/lib/mysql/mysql.sock' (2)
in SYSTEMPATH/Database/BaseConnection.php on line 416.
 1 SYSTEMPATH/Database/BaseConnection.php(586): CodeIgniter\Database\BaseConnection->initialize()
 2 SYSTEMPATH/Database/BaseBuilder.php(1585): CodeIgniter\Database\BaseConnection->query()
 3 APPPATH/Models/ParkirModel.php(74): CodeIgniter\Database\BaseBuilder->get()
 4 APPPATH/Controllers/Parkir.php(270): App\Models\ParkirModel->_getUserByEmail()
 5 SYSTEMPATH/CodeIgniter.php(898): App\Controllers\Parkir->authentication()
 6 SYSTEMPATH/CodeIgniter.php(468): CodeIgniter\CodeIgniter->runController()
 7 SYSTEMPATH/CodeIgniter.php(351): CodeIgniter\CodeIgniter->handleRequest()
 8 FCPATH/index.php(55): CodeIgniter\CodeIgniter->run()
ERROR - 2024-03-27 17:40:29 --> Error connecting to the database: Can't connect to local server through socket '/var/lib/mysql/mysql.sock' (2)
CRITICAL - 2024-03-27 17:40:29 --> Unable to connect to the database.
Main connection [MySQLi]: Can't connect to local server through socket '/var/lib/mysql/mysql.sock' (2)
in SYSTEMPATH/Database/BaseConnection.php on line 416.
 1 SYSTEMPATH/Database/BaseConnection.php(586): CodeIgniter\Database\BaseConnection->initialize()
 2 SYSTEMPATH/Database/BaseBuilder.php(1585): CodeIgniter\Database\BaseConnection->query()
 3 APPPATH/Models/ParkirModel.php(74): CodeIgniter\Database\BaseBuilder->get()
 4 APPPATH/Controllers/Parkir.php(270): App\Models\ParkirModel->_getUserByEmail()
 5 SYSTEMPATH/CodeIgniter.php(898): App\Controllers\Parkir->authentication()
 6 SYSTEMPATH/CodeIgniter.php(468): CodeIgniter\CodeIgniter->runController()
 7 SYSTEMPATH/CodeIgniter.php(351): CodeIgniter\CodeIgniter->handleRequest()
 8 FCPATH/index.php(55): CodeIgniter\CodeIgniter->run()
ERROR - 2024-03-27 17:40:29 --> Error connecting to the database: Can't connect to local server through socket '/var/lib/mysql/mysql.sock' (2)
CRITICAL - 2024-03-27 17:40:29 --> Unable to connect to the database.
Main connection [MySQLi]: Can't connect to local server through socket '/var/lib/mysql/mysql.sock' (2)
in SYSTEMPATH/Database/BaseConnection.php on line 416.
 1 SYSTEMPATH/Database/BaseConnection.php(586): CodeIgniter\Database\BaseConnection->initialize()
 2 SYSTEMPATH/Database/BaseBuilder.php(1585): CodeIgniter\Database\BaseConnection->query()
 3 APPPATH/Models/ParkirModel.php(74): CodeIgniter\Database\BaseBuilder->get()
 4 APPPATH/Controllers/Parkir.php(270): App\Models\ParkirModel->_getUserByEmail()
 5 SYSTEMPATH/CodeIgniter.php(898): App\Controllers\Parkir->authentication()
 6 SYSTEMPATH/CodeIgniter.php(468): CodeIgniter\CodeIgniter->runController()
 7 SYSTEMPATH/CodeIgniter.php(351): CodeIgniter\CodeIgniter->handleRequest()
 8 FCPATH/index.php(55): CodeIgniter\CodeIgniter->run()
ERROR - 2024-03-27 17:40:29 --> Error connecting to the database: Can't connect to local server through socket '/var/lib/mysql/mysql.sock' (2)
CRITICAL - 2024-03-27 17:40:29 --> Unable to connect to the database.
Main connection [MySQLi]: Can't connect to local server through socket '/var/lib/mysql/mysql.sock' (2)
in SYSTEMPATH/Database/BaseConnection.php on line 416.
 1 SYSTEMPATH/Database/BaseConnection.php(586): CodeIgniter\Database\BaseConnection->initialize()
 2 SYSTEMPATH/Database/BaseBuilder.php(1585): CodeIgniter\Database\BaseConnection->query()
 3 SYSTEMPATH/Model.php(771): CodeIgniter\Database\BaseBuilder->get()
 4 APPPATH/Controllers/Parkir.php(60): CodeIgniter\Model->__call()
 5 SYSTEMPATH/CodeIgniter.php(898): App\Controllers\Parkir->index()
 6 SYSTEMPATH/CodeIgniter.php(468): CodeIgniter\CodeIgniter->runController()
 7 SYSTEMPATH/CodeIgniter.php(351): CodeIgniter\CodeIgniter->handleRequest()
 8 FCPATH/index.php(55): CodeIgniter\CodeIgniter->run()
ERROR - 2024-03-27 17:40:29 --> Error connecting to the database: Can't connect to local server through socket '/var/lib/mysql/mysql.sock' (2)
CRITICAL - 2024-03-27 17:40:29 --> Unable to connect to the database.
Main connection [MySQLi]: Can't connect to local server through socket '/var/lib/mysql/mysql.sock' (2)
in SYSTEMPATH/Database/BaseConnection.php on line 416.
 1 SYSTEMPATH/Database/BaseConnection.php(586): CodeIgniter\Database\BaseConnection->initialize()
 2 SYSTEMPATH/Database/BaseBuilder.php(1585): CodeIgniter\Database\BaseConnection->query()
 3 SYSTEMPATH/Model.php(771): CodeIgniter\Database\BaseBuilder->get()
 4 APPPATH/Controllers/Parkir.php(60): CodeIgniter\Model->__call()
 5 SYSTEMPATH/CodeIgniter.php(898): App\Controllers\Parkir->index()
 6 SYSTEMPATH/CodeIgniter.php(468): CodeIgniter\CodeIgniter->runController()
 7 SYSTEMPATH/CodeIgniter.php(351): CodeIgniter\CodeIgniter->handleRequest()
 8 FCPATH/index.php(55): CodeIgniter\CodeIgniter->run()
ERROR - 2024-03-27 17:40:37 --> Error connecting to the database: Can't connect to local server through socket '/var/lib/mysql/mysql.sock' (2)
CRITICAL - 2024-03-27 17:40:37 --> Unable to connect to the database.
Main connection [MySQLi]: Can't connect to local server through socket '/var/lib/mysql/mysql.sock' (2)
in SYSTEMPATH/Database/BaseConnection.php on line 416.
 1 SYSTEMPATH/Database/BaseConnection.php(586): CodeIgniter\Database\BaseConnection->initialize()
 2 SYSTEMPATH/Database/BaseBuilder.php(1585): CodeIgniter\Database\BaseConnection->query()
 3 APPPATH/Models/ParkirModel.php(74): CodeIgniter\Database\BaseBuilder->get()
 4 APPPATH/Controllers/Parkir.php(270): App\Models\ParkirModel->_getUserByEmail()
 5 SYSTEMPATH/CodeIgniter.php(898): App\Controllers\Parkir->authentication()
 6 SYSTEMPATH/CodeIgniter.php(468): CodeIgniter\CodeIgniter->runController()
 7 SYSTEMPATH/CodeIgniter.php(351): CodeIgniter\CodeIgniter->handleRequest()
 8 FCPATH/index.php(55): CodeIgniter\CodeIgniter->run()
ERROR - 2024-03-27 17:40:38 --> Error connecting to the database: Can't connect to local server through socket '/var/lib/mysql/mysql.sock' (2)
CRITICAL - 2024-03-27 17:40:38 --> Unable to connect to the database.
Main connection [MySQLi]: Can't connect to local server through socket '/var/lib/mysql/mysql.sock' (2)
in SYSTEMPATH/Database/BaseConnection.php on line 416.
 1 SYSTEMPATH/Database/BaseConnection.php(586): CodeIgniter\Database\BaseConnection->initialize()
 2 SYSTEMPATH/Database/BaseBuilder.php(1585): CodeIgniter\Database\BaseConnection->query()
 3 APPPATH/Models/ParkirModel.php(74): CodeIgniter\Database\BaseBuilder->get()
 4 APPPATH/Controllers/Parkir.php(270): App\Models\ParkirModel->_getUserByEmail()
 5 SYSTEMPATH/CodeIgniter.php(898): App\Controllers\Parkir->authentication()
 6 SYSTEMPATH/CodeIgniter.php(468): CodeIgniter\CodeIgniter->runController()
 7 SYSTEMPATH/CodeIgniter.php(351): CodeIgniter\CodeIgniter->handleRequest()
 8 FCPATH/index.php(55): CodeIgniter\CodeIgniter->run()
ERROR - 2024-03-27 17:40:41 --> Error connecting to the database: Can't connect to local server through socket '/var/lib/mysql/mysql.sock' (2)
CRITICAL - 2024-03-27 17:40:41 --> Unable to connect to the database.
Main connection [MySQLi]: Can't connect to local server through socket '/var/lib/mysql/mysql.sock' (2)
in SYSTEMPATH/Database/BaseConnection.php on line 416.
 1 SYSTEMPATH/Database/BaseConnection.php(586): CodeIgniter\Database\BaseConnection->initialize()
 2 SYSTEMPATH/Database/BaseBuilder.php(1585): CodeIgniter\Database\BaseConnection->query()
 3 APPPATH/Models/ParkirModel.php(74): CodeIgniter\Database\BaseBuilder->get()
 4 APPPATH/Controllers/Parkir.php(270): App\Models\ParkirModel->_getUserByEmail()
 5 SYSTEMPATH/CodeIgniter.php(898): App\Controllers\Parkir->authentication()
 6 SYSTEMPATH/CodeIgniter.php(468): CodeIgniter\CodeIgniter->runController()
 7 SYSTEMPATH/CodeIgniter.php(351): CodeIgniter\CodeIgniter->handleRequest()
 8 FCPATH/index.php(55): CodeIgniter\CodeIgniter->run()
ERROR - 2024-03-27 17:40:42 --> Error connecting to the database: Can't connect to local server through socket '/var/lib/mysql/mysql.sock' (2)
CRITICAL - 2024-03-27 17:40:42 --> Unable to connect to the database.
Main connection [MySQLi]: Can't connect to local server through socket '/var/lib/mysql/mysql.sock' (2)
in SYSTEMPATH/Database/BaseConnection.php on line 416.
 1 SYSTEMPATH/Database/BaseConnection.php(586): CodeIgniter\Database\BaseConnection->initialize()
 2 SYSTEMPATH/Database/BaseBuilder.php(1585): CodeIgniter\Database\BaseConnection->query()
 3 APPPATH/Models/ParkirModel.php(74): CodeIgniter\Database\BaseBuilder->get()
 4 APPPATH/Controllers/Parkir.php(270): App\Models\ParkirModel->_getUserByEmail()
 5 SYSTEMPATH/CodeIgniter.php(898): App\Controllers\Parkir->authentication()
 6 SYSTEMPATH/CodeIgniter.php(468): CodeIgniter\CodeIgniter->runController()
 7 SYSTEMPATH/CodeIgniter.php(351): CodeIgniter\CodeIgniter->handleRequest()
 8 FCPATH/index.php(55): CodeIgniter\CodeIgniter->run()
ERROR - 2024-03-27 17:40:44 --> Error connecting to the database: Can't connect to local server through socket '/var/lib/mysql/mysql.sock' (2)
CRITICAL - 2024-03-27 17:40:44 --> Unable to connect to the database.
Main connection [MySQLi]: Can't connect to local server through socket '/var/lib/mysql/mysql.sock' (2)
in SYSTEMPATH/Database/BaseConnection.php on line 416.
 1 SYSTEMPATH/Database/BaseConnection.php(586): CodeIgniter\Database\BaseConnection->initialize()
 2 SYSTEMPATH/Database/BaseBuilder.php(1585): CodeIgniter\Database\BaseConnection->query()
 3 APPPATH/Models/ParkirModel.php(74): CodeIgniter\Database\BaseBuilder->get()
 4 APPPATH/Controllers/Parkir.php(270): App\Models\ParkirModel->_getUserByEmail()
 5 SYSTEMPATH/CodeIgniter.php(898): App\Controllers\Parkir->authentication()
 6 SYSTEMPATH/CodeIgniter.php(468): CodeIgniter\CodeIgniter->runController()
 7 SYSTEMPATH/CodeIgniter.php(351): CodeIgniter\CodeIgniter->handleRequest()
 8 FCPATH/index.php(55): CodeIgniter\CodeIgniter->run()
ERROR - 2024-03-27 17:40:47 --> Error connecting to the database: Can't connect to local server through socket '/var/lib/mysql/mysql.sock' (2)
CRITICAL - 2024-03-27 17:40:47 --> Unable to connect to the database.
Main connection [MySQLi]: Can't connect to local server through socket '/var/lib/mysql/mysql.sock' (2)
in SYSTEMPATH/Database/BaseConnection.php on line 416.
 1 SYSTEMPATH/Database/BaseConnection.php(586): CodeIgniter\Database\BaseConnection->initialize()
 2 SYSTEMPATH/Database/BaseBuilder.php(1585): CodeIgniter\Database\BaseConnection->query()
 3 APPPATH/Models/ParkirModel.php(74): CodeIgniter\Database\BaseBuilder->get()
 4 APPPATH/Controllers/Parkir.php(270): App\Models\ParkirModel->_getUserByEmail()
 5 SYSTEMPATH/CodeIgniter.php(898): App\Controllers\Parkir->authentication()
 6 SYSTEMPATH/CodeIgniter.php(468): CodeIgniter\CodeIgniter->runController()
 7 SYSTEMPATH/CodeIgniter.php(351): CodeIgniter\CodeIgniter->handleRequest()
 8 FCPATH/index.php(55): CodeIgniter\CodeIgniter->run()
ERROR - 2024-03-27 17:40:48 --> Error connecting to the database: Can't connect to local server through socket '/var/lib/mysql/mysql.sock' (2)
CRITICAL - 2024-03-27 17:40:48 --> Unable to connect to the database.
Main connection [MySQLi]: Can't connect to local server through socket '/var/lib/mysql/mysql.sock' (2)
in SYSTEMPATH/Database/BaseConnection.php on line 416.
 1 SYSTEMPATH/Database/BaseConnection.php(586): CodeIgniter\Database\BaseConnection->initialize()
 2 SYSTEMPATH/Database/BaseBuilder.php(1585): CodeIgniter\Database\BaseConnection->query()
 3 APPPATH/Models/ParkirModel.php(74): CodeIgniter\Database\BaseBuilder->get()
 4 APPPATH/Controllers/Parkir.php(270): App\Models\ParkirModel->_getUserByEmail()
 5 SYSTEMPATH/CodeIgniter.php(898): App\Controllers\Parkir->authentication()
 6 SYSTEMPATH/CodeIgniter.php(468): CodeIgniter\CodeIgniter->runController()
 7 SYSTEMPATH/CodeIgniter.php(351): CodeIgniter\CodeIgniter->handleRequest()
 8 FCPATH/index.php(55): CodeIgniter\CodeIgniter->run()
ERROR - 2024-03-27 17:40:48 --> Error connecting to the database: Can't connect to local server through socket '/var/lib/mysql/mysql.sock' (2)
CRITICAL - 2024-03-27 17:40:48 --> Unable to connect to the database.
Main connection [MySQLi]: Can't connect to local server through socket '/var/lib/mysql/mysql.sock' (2)
in SYSTEMPATH/Database/BaseConnection.php on line 416.
 1 SYSTEMPATH/Database/BaseConnection.php(586): CodeIgniter\Database\BaseConnection->initialize()
 2 SYSTEMPATH/Database/BaseBuilder.php(1585): CodeIgniter\Database\BaseConnection->query()
 3 APPPATH/Models/ParkirModel.php(74): CodeIgniter\Database\BaseBuilder->get()
 4 APPPATH/Controllers/Parkir.php(270): App\Models\ParkirModel->_getUserByEmail()
 5 SYSTEMPATH/CodeIgniter.php(898): App\Controllers\Parkir->authentication()
 6 SYSTEMPATH/CodeIgniter.php(468): CodeIgniter\CodeIgniter->runController()
 7 SYSTEMPATH/CodeIgniter.php(351): CodeIgniter\CodeIgniter->handleRequest()
 8 FCPATH/index.php(55): CodeIgniter\CodeIgniter->run()
ERROR - 2024-03-27 17:40:49 --> Error connecting to the database: Can't connect to local server through socket '/var/lib/mysql/mysql.sock' (2)
CRITICAL - 2024-03-27 17:40:49 --> Unable to connect to the database.
Main connection [MySQLi]: Can't connect to local server through socket '/var/lib/mysql/mysql.sock' (2)
in SYSTEMPATH/Database/BaseConnection.php on line 416.
 1 SYSTEMPATH/Database/BaseConnection.php(586): CodeIgniter\Database\BaseConnection->initialize()
 2 SYSTEMPATH/Database/BaseBuilder.php(1585): CodeIgniter\Database\BaseConnection->query()
 3 APPPATH/Models/ParkirModel.php(74): CodeIgniter\Database\BaseBuilder->get()
 4 APPPATH/Controllers/Parkir.php(270): App\Models\ParkirModel->_getUserByEmail()
 5 SYSTEMPATH/CodeIgniter.php(898): App\Controllers\Parkir->authentication()
 6 SYSTEMPATH/CodeIgniter.php(468): CodeIgniter\CodeIgniter->runController()
 7 SYSTEMPATH/CodeIgniter.php(351): CodeIgniter\CodeIgniter->handleRequest()
 8 FCPATH/index.php(55): CodeIgniter\CodeIgniter->run()
