CRITICAL - 2022-08-08 02:49:50 --> Maximum execution time of 60 seconds exceeded
in APPPATH\Views\pages\stall_bp.php on line 36.
 1 [internal function]: CodeIgniter\Debug\Exceptions->shutdownHandler()
CRITICAL - 2022-08-08 02:50:50 --> Maximum execution time of 60 seconds exceeded
in APPPATH\Views\pages\stall_bp.php on line 36.
 1 [internal function]: CodeIgniter\Debug\Exceptions->shutdownHandler()
CRITICAL - 2022-08-08 02:51:53 --> Maximum execution time of 60 seconds exceeded
in APPPATH\Views\pages\stall_bp.php on line 36.
 1 [internal function]: CodeIgniter\Debug\Exceptions->shutdownHandler()
CRITICAL - 2022-08-08 03:23:28 --> Undefined variable: model
in APPPATH\Views\pages\stall_bp.php on line 172.
 1 APPPATH\Views\pages\stall_bp.php(172): CodeIgniter\Debug\Exceptions->errorHandler(8, 'Undefined variable: model', 'APPPATH\\Views\\pages\\stall_bp.php', 172, [...])
 2 SYSTEMPATH\View\View.php(213): include('APPPATH\\Views\\pages\\stall_bp.php')
 3 SYSTEMPATH\View\View.php(216): CodeIgniter\View\View->CodeIgniter\View\{closure}()
 4 SYSTEMPATH\Common.php(1135): CodeIgniter\View\View->render('pages/stall_bp', [], true)
 5 APPPATH\Controllers\Parkir.php(76): view('pages/stall_bp', [...])
 6 SYSTEMPATH\CodeIgniter.php(896): App\Controllers\Parkir->stall_bp()
 7 SYSTEMPATH\CodeIgniter.php(466): CodeIgniter\CodeIgniter->runController(Object(App\Controllers\Parkir))
 8 SYSTEMPATH\CodeIgniter.php(349): CodeIgniter\CodeIgniter->handleRequest(null, Object(Config\Cache), false)
 9 FCPATH\index.php(55): CodeIgniter\CodeIgniter->run()
10 SYSTEMPATH\Commands\Server\rewrite.php(43): require_once('FCPATH\\index.php')
CRITICAL - 2022-08-08 04:13:11 --> Trying to access array offset on value of type null
in APPPATH\Controllers\Parkir.php on line 132.
 1 APPPATH\Controllers\Parkir.php(132): CodeIgniter\Debug\Exceptions->errorHandler(8, 'Trying to access array offset on value of type null', 'APPPATH\\Controllers\\Parkir.php', 132, [...])
 2 SYSTEMPATH\CodeIgniter.php(896): App\Controllers\Parkir->update_posisi()
 3 SYSTEMPATH\CodeIgniter.php(466): CodeIgniter\CodeIgniter->runController(Object(App\Controllers\Parkir))
 4 SYSTEMPATH\CodeIgniter.php(349): CodeIgniter\CodeIgniter->handleRequest(null, Object(Config\Cache), false)
 5 FCPATH\index.php(55): CodeIgniter\CodeIgniter->run()
 6 SYSTEMPATH\Commands\Server\rewrite.php(43): require_once('FCPATH\\index.php')
CRITICAL - 2022-08-08 20:10:08 --> Undefined variable: grupG
in APPPATH\Controllers\Parkir.php on line 99.
 1 APPPATH\Controllers\Parkir.php(99): CodeIgniter\Debug\Exceptions->errorHandler(8, 'Undefined variable: grupG', 'APPPATH\\Controllers\\Parkir.php', 99, [...])
 2 SYSTEMPATH\CodeIgniter.php(896): App\Controllers\Parkir->stall_gr()
 3 SYSTEMPATH\CodeIgniter.php(466): CodeIgniter\CodeIgniter->runController(Object(App\Controllers\Parkir))
 4 SYSTEMPATH\CodeIgniter.php(349): CodeIgniter\CodeIgniter->handleRequest(null, Object(Config\Cache), false)
 5 FCPATH\index.php(55): CodeIgniter\CodeIgniter->run()
 6 SYSTEMPATH\Commands\Server\rewrite.php(43): require_once('FCPATH\\index.php')
CRITICAL - 2022-08-08 20:22:07 --> Invalid file: pages/main.php
in SYSTEMPATH\Exceptions\FrameworkException.php on line 33.
 1 SYSTEMPATH\View\View.php(201): CodeIgniter\Exceptions\FrameworkException::forInvalidFile('pages/main.php')
 2 SYSTEMPATH\Common.php(1135): CodeIgniter\View\View->render('pages/main', [], true)
 3 APPPATH\Controllers\Parkir.php(49): view('pages/main', [...])
 4 SYSTEMPATH\CodeIgniter.php(896): App\Controllers\Parkir->index()
 5 SYSTEMPATH\CodeIgniter.php(466): CodeIgniter\CodeIgniter->runController(Object(App\Controllers\Parkir))
 6 SYSTEMPATH\CodeIgniter.php(349): CodeIgniter\CodeIgniter->handleRequest(null, Object(Config\Cache), false)
 7 FCPATH\index.php(55): CodeIgniter\CodeIgniter->run()
 8 SYSTEMPATH\Commands\Server\rewrite.php(43): require_once('FCPATH\\index.php')
CRITICAL - 2022-08-08 20:24:43 --> Undefined variable: lokasi
in APPPATH\Views\templates\app.php on line 12.
 1 APPPATH\Views\templates\app.php(12): CodeIgniter\Debug\Exceptions->errorHandler(8, 'Undefined variable: lokasi', 'APPPATH\\Views\\templates\\app.php', 12, [])
 2 SYSTEMPATH\View\View.php(213): include('APPPATH\\Views\\templates\\app.php')
 3 SYSTEMPATH\View\View.php(216): CodeIgniter\View\View->CodeIgniter\View\{closure}()
 4 SYSTEMPATH\View\View.php(229): CodeIgniter\View\View->render('templates/app', [], true)
 5 SYSTEMPATH\Common.php(1135): CodeIgniter\View\View->render('pages/main', [], true)
 6 APPPATH\Controllers\Parkir.php(20): view('pages/main')
 7 SYSTEMPATH\CodeIgniter.php(896): App\Controllers\Parkir->index()
 8 SYSTEMPATH\CodeIgniter.php(466): CodeIgniter\CodeIgniter->runController(Object(App\Controllers\Parkir))
 9 SYSTEMPATH\CodeIgniter.php(349): CodeIgniter\CodeIgniter->handleRequest(null, Object(Config\Cache), false)
10 FCPATH\index.php(55): CodeIgniter\CodeIgniter->run()
11 SYSTEMPATH\Commands\Server\rewrite.php(43): require_once('FCPATH\\index.php')
CRITICAL - 2022-08-08 21:37:13 --> Call to undefined method CodeIgniter\Database\MySQLi\Result::get()
in APPPATH\Models\ParkirModel.php on line 59.
 1 APPPATH\Controllers\Parkir.php(20): App\Models\ParkirModel->_getSummary()
 2 SYSTEMPATH\CodeIgniter.php(896): App\Controllers\Parkir->index()
 3 SYSTEMPATH\CodeIgniter.php(466): CodeIgniter\CodeIgniter->runController(Object(App\Controllers\Parkir))
 4 SYSTEMPATH\CodeIgniter.php(349): CodeIgniter\CodeIgniter->handleRequest(null, Object(Config\Cache), false)
 5 FCPATH\index.php(55): CodeIgniter\CodeIgniter->run()
 6 SYSTEMPATH\Commands\Server\rewrite.php(43): require_once('FCPATH\\index.php')
CRITICAL - 2022-08-08 21:37:32 --> Call to undefined method CodeIgniter\Database\MySQLi\Result::get()
in APPPATH\Models\ParkirModel.php on line 59.
 1 APPPATH\Controllers\Parkir.php(20): App\Models\ParkirModel->_getSummary()
 2 SYSTEMPATH\CodeIgniter.php(896): App\Controllers\Parkir->index()
 3 SYSTEMPATH\CodeIgniter.php(466): CodeIgniter\CodeIgniter->runController(Object(App\Controllers\Parkir))
 4 SYSTEMPATH\CodeIgniter.php(349): CodeIgniter\CodeIgniter->handleRequest(null, Object(Config\Cache), false)
 5 FCPATH\index.php(55): CodeIgniter\CodeIgniter->run()
 6 SYSTEMPATH\Commands\Server\rewrite.php(43): require_once('FCPATH\\index.php')
CRITICAL - 2022-08-08 21:42:18 --> syntax error, unexpected '$data' (T_VARIABLE)
in APPPATH\Controllers\Parkir.php on line 22.
 1 SYSTEMPATH\Autoloader\Autoloader.php(261): CodeIgniter\Autoloader\Autoloader->includeFile('APPPATH\\Controllers\\Parkir.php')
 2 SYSTEMPATH\Autoloader\Autoloader.php(239): CodeIgniter\Autoloader\Autoloader->loadInNamespace('App\\Controllers\\Parkir')
 3 [internal function]: CodeIgniter\Autoloader\Autoloader->loadClass('App\\Controllers\\Parkir')
 4 [internal function]: spl_autoload_call('App\\Controllers\\Parkir')
 5 SYSTEMPATH\CodeIgniter.php(846): class_exists('\\App\\Controllers\\Parkir', true)
 6 SYSTEMPATH\CodeIgniter.php(453): CodeIgniter\CodeIgniter->startController()
 7 SYSTEMPATH\CodeIgniter.php(349): CodeIgniter\CodeIgniter->handleRequest(null, Object(Config\Cache), false)
 8 FCPATH\index.php(55): CodeIgniter\CodeIgniter->run()
 9 SYSTEMPATH\Commands\Server\rewrite.php(43): require_once('FCPATH\\index.php')
CRITICAL - 2022-08-08 21:44:55 --> Undefined index: parkir_depan
in APPPATH\Views\pages\main.php on line 15.
 1 APPPATH\Views\pages\main.php(15): CodeIgniter\Debug\Exceptions->errorHandler(8, 'Undefined index: parkir_depan', 'APPPATH\\Views\\pages\\main.php', 15, [...])
 2 SYSTEMPATH\View\View.php(213): include('APPPATH\\Views\\pages\\main.php')
 3 SYSTEMPATH\View\View.php(216): CodeIgniter\View\View->CodeIgniter\View\{closure}()
 4 SYSTEMPATH\Common.php(1135): CodeIgniter\View\View->render('pages/main', [], true)
 5 APPPATH\Controllers\Parkir.php(28): view('pages/main', [...])
 6 SYSTEMPATH\CodeIgniter.php(896): App\Controllers\Parkir->index()
 7 SYSTEMPATH\CodeIgniter.php(466): CodeIgniter\CodeIgniter->runController(Object(App\Controllers\Parkir))
 8 SYSTEMPATH\CodeIgniter.php(349): CodeIgniter\CodeIgniter->handleRequest(null, Object(Config\Cache), false)
 9 FCPATH\index.php(55): CodeIgniter\CodeIgniter->run()
10 SYSTEMPATH\Commands\Server\rewrite.php(43): require_once('FCPATH\\index.php')
CRITICAL - 2022-08-08 21:46:19 --> Undefined index: stall_bp
in APPPATH\Views\pages\main.php on line 30.
 1 APPPATH\Views\pages\main.php(30): CodeIgniter\Debug\Exceptions->errorHandler(8, 'Undefined index: stall_bp', 'APPPATH\\Views\\pages\\main.php', 30, [...])
 2 SYSTEMPATH\View\View.php(213): include('APPPATH\\Views\\pages\\main.php')
 3 SYSTEMPATH\View\View.php(216): CodeIgniter\View\View->CodeIgniter\View\{closure}()
 4 SYSTEMPATH\Common.php(1135): CodeIgniter\View\View->render('pages/main', [], true)
 5 APPPATH\Controllers\Parkir.php(28): view('pages/main', [...])
 6 SYSTEMPATH\CodeIgniter.php(896): App\Controllers\Parkir->index()
 7 SYSTEMPATH\CodeIgniter.php(466): CodeIgniter\CodeIgniter->runController(Object(App\Controllers\Parkir))
 8 SYSTEMPATH\CodeIgniter.php(349): CodeIgniter\CodeIgniter->handleRequest(null, Object(Config\Cache), false)
 9 FCPATH\index.php(55): CodeIgniter\CodeIgniter->run()
10 SYSTEMPATH\Commands\Server\rewrite.php(43): require_once('FCPATH\\index.php')
