CRITICAL - 2025-07-21 10:56:36 --> Creation of dynamic property App\Controllers\Parkir::$session is deprecated
in APPPATH\Controllers\BaseController.php on line 51.
 1 APPPATH\Controllers\BaseController.php(51): CodeIgniter\Debug\Exceptions->errorHandler(8192, 'Creation of dynamic property App\\Controllers\\Parkir::$session is deprecated', 'APPPATH\\Controllers\\BaseController.php', 51)
 2 SYSTEMPATH\CodeIgniter.php(861): App\Controllers\BaseController->initController(Object(CodeIgniter\HTTP\IncomingRequest), Object(CodeIgniter\HTTP\Response), Object(CodeIgniter\Log\Logger))
 3 SYSTEMPATH\CodeIgniter.php(459): CodeIgniter\CodeIgniter->createController()
 4 SYSTEMPATH\CodeIgniter.php(351): CodeIgniter\CodeIgniter->handleRequest(null, Object(Config\Cache), false)
 5 FCPATH\index.php(55): CodeIgniter\CodeIgniter->run()
 6 SYSTEMPATH\Commands\Server\rewrite.php(43): require_once('FCPATH\\index.php')
ERROR - 2025-07-21 01:20:09 --> Unknown column 'lokasi' in 'field list'
ERROR - 2025-07-21 01:30:45 --> Unknown column 'lokasi' in 'field list'
CRITICAL - 2025-07-21 13:40:00 --> Undefined variable: statuses
in APPPATH\Views\items\modal.php on line 41.
 1 APPPATH\Views\items\modal.php(41): CodeIgniter\Debug\Exceptions->errorHandler(8, 'Undefined variable: statuses', 'APPPATH\\Views\\items\\modal.php', 41, [...])
 2 SYSTEMPATH\View\View.php(213): include('APPPATH\\Views\\items\\modal.php')
 3 SYSTEMPATH\View\View.php(216): CodeIgniter\View\View->CodeIgniter\View\{closure}()
 4 SYSTEMPATH\View\View.php(429): CodeIgniter\View\View->render('items/modal', null, true)
 5 APPPATH\Views\app.php(45): CodeIgniter\View\View->include('items/modal')
 6 SYSTEMPATH\View\View.php(213): include('APPPATH\\Views\\app.php')
 7 SYSTEMPATH\View\View.php(216): CodeIgniter\View\View->CodeIgniter\View\{closure}()
 8 SYSTEMPATH\View\View.php(229): CodeIgniter\View\View->render('app', [], true)
 9 SYSTEMPATH\Common.php(1135): CodeIgniter\View\View->render('pages/depan', [], true)
10 APPPATH\Controllers\Parkir.php(147): view('pages/depan', [...])
11 SYSTEMPATH\CodeIgniter.php(898): App\Controllers\Parkir->depan()
12 SYSTEMPATH\CodeIgniter.php(468): CodeIgniter\CodeIgniter->runController(Object(App\Controllers\Parkir))
13 SYSTEMPATH\CodeIgniter.php(351): CodeIgniter\CodeIgniter->handleRequest(null, Object(Config\Cache), false)
14 FCPATH\index.php(55): CodeIgniter\CodeIgniter->run()
15 SYSTEMPATH\Commands\Server\rewrite.php(43): require_once('FCPATH\\index.php')
CRITICAL - 2025-07-21 13:40:03 --> Undefined variable: statuses
in APPPATH\Views\items\modal.php on line 41.
 1 APPPATH\Views\items\modal.php(41): CodeIgniter\Debug\Exceptions->errorHandler(8, 'Undefined variable: statuses', 'APPPATH\\Views\\items\\modal.php', 41, [...])
 2 SYSTEMPATH\View\View.php(213): include('APPPATH\\Views\\items\\modal.php')
 3 SYSTEMPATH\View\View.php(216): CodeIgniter\View\View->CodeIgniter\View\{closure}()
 4 SYSTEMPATH\View\View.php(429): CodeIgniter\View\View->render('items/modal', null, true)
 5 APPPATH\Views\app.php(45): CodeIgniter\View\View->include('items/modal')
 6 SYSTEMPATH\View\View.php(213): include('APPPATH\\Views\\app.php')
 7 SYSTEMPATH\View\View.php(216): CodeIgniter\View\View->CodeIgniter\View\{closure}()
 8 SYSTEMPATH\View\View.php(229): CodeIgniter\View\View->render('app', [], true)
 9 SYSTEMPATH\Common.php(1135): CodeIgniter\View\View->render('pages/depan', [], true)
10 APPPATH\Controllers\Parkir.php(147): view('pages/depan', [...])
11 SYSTEMPATH\CodeIgniter.php(898): App\Controllers\Parkir->depan()
12 SYSTEMPATH\CodeIgniter.php(468): CodeIgniter\CodeIgniter->runController(Object(App\Controllers\Parkir))
13 SYSTEMPATH\CodeIgniter.php(351): CodeIgniter\CodeIgniter->handleRequest(null, Object(Config\Cache), false)
14 FCPATH\index.php(55): CodeIgniter\CodeIgniter->run()
15 SYSTEMPATH\Commands\Server\rewrite.php(43): require_once('FCPATH\\index.php')
CRITICAL - 2025-07-21 15:02:20 --> Invalid file: components/seat_item.php
in SYSTEMPATH\Exceptions\FrameworkException.php on line 33.
 1 SYSTEMPATH\View\View.php(201): CodeIgniter\Exceptions\FrameworkException::forInvalidFile('components/seat_item.php')
 2 SYSTEMPATH\Common.php(1135): CodeIgniter\View\View->render('components/seat_item', [], true)
 3 APPPATH\Views\pages\bp.php(50): view('components/seat_item', [...])
 4 SYSTEMPATH\View\View.php(213): include('APPPATH\\Views\\pages\\bp.php')
 5 SYSTEMPATH\View\View.php(216): CodeIgniter\View\View->CodeIgniter\View\{closure}()
 6 SYSTEMPATH\Common.php(1135): CodeIgniter\View\View->render('pages/bp', [], true)
 7 APPPATH\Controllers\Parkir.php(195): view('pages/bp', [...])
 8 SYSTEMPATH\CodeIgniter.php(898): App\Controllers\Parkir->stall_bp()
 9 SYSTEMPATH\CodeIgniter.php(468): CodeIgniter\CodeIgniter->runController(Object(App\Controllers\Parkir))
10 SYSTEMPATH\CodeIgniter.php(351): CodeIgniter\CodeIgniter->handleRequest(null, Object(Config\Cache), false)
11 FCPATH\index.php(55): CodeIgniter\CodeIgniter->run()
12 SYSTEMPATH\Commands\Server\rewrite.php(43): require_once('FCPATH\\index.php')
