CRITICAL - 2022-08-19 14:00:05 --> Undefined variable: controller
in APPPATH\Views\pages\akm.php on line 61.
 1 APPPATH\Views\pages\akm.php(61): CodeIgniter\Debug\Exceptions->errorHandler(8, 'Undefined variable: controller', 'APPPATH\\Views\\pages\\akm.php', 61, [...])
 2 SYSTEMPATH\View\View.php(213): include('APPPATH\\Views\\pages\\akm.php')
 3 SYSTEMPATH\View\View.php(216): CodeIgniter\View\View->CodeIgniter\View\{closure}()
 4 SYSTEMPATH\Common.php(1135): CodeIgniter\View\View->render('pages/akm', [], true)
 5 APPPATH\Controllers\Parkir.php(188): view('pages/akm')
 6 SYSTEMPATH\CodeIgniter.php(896): App\Controllers\Parkir->akm()
 7 SYSTEMPATH\CodeIgniter.php(466): CodeIgniter\CodeIgniter->runController(Object(App\Controllers\Parkir))
 8 SYSTEMPATH\CodeIgniter.php(349): CodeIgniter\CodeIgniter->handleRequest(null, Object(Config\Cache), false)
 9 FCPATH\index.php(55): CodeIgniter\CodeIgniter->run()
10 SYSTEMPATH\Commands\Server\rewrite.php(43): require_once('FCPATH\\index.php')
CRITICAL - 2022-08-19 14:00:46 --> Undefined variable: lokasi
in APPPATH\Views\app.php on line 7.
 1 APPPATH\Views\app.php(7): CodeIgniter\Debug\Exceptions->errorHandler(8, 'Undefined variable: lokasi', 'APPPATH\\Views\\app.php', 7, [])
 2 SYSTEMPATH\View\View.php(213): include('APPPATH\\Views\\app.php')
 3 SYSTEMPATH\View\View.php(216): CodeIgniter\View\View->CodeIgniter\View\{closure}()
 4 SYSTEMPATH\View\View.php(229): CodeIgniter\View\View->render('app', [], true)
 5 SYSTEMPATH\Common.php(1135): CodeIgniter\View\View->render('pages/akm', [], true)
 6 APPPATH\Controllers\Parkir.php(188): view('pages/akm')
 7 SYSTEMPATH\CodeIgniter.php(896): App\Controllers\Parkir->akm()
 8 SYSTEMPATH\CodeIgniter.php(466): CodeIgniter\CodeIgniter->runController(Object(App\Controllers\Parkir))
 9 SYSTEMPATH\CodeIgniter.php(349): CodeIgniter\CodeIgniter->handleRequest(null, Object(Config\Cache), false)
10 FCPATH\index.php(55): CodeIgniter\CodeIgniter->run()
11 SYSTEMPATH\Commands\Server\rewrite.php(43): require_once('FCPATH\\index.php')
CRITICAL - 2022-08-19 14:02:40 --> Undefined variable: model
in APPPATH\Views\items\modal.php on line 27.
 1 APPPATH\Views\items\modal.php(27): CodeIgniter\Debug\Exceptions->errorHandler(8, 'Undefined variable: model', 'APPPATH\\Views\\items\\modal.php', 27, [...])
 2 SYSTEMPATH\View\View.php(213): include('APPPATH\\Views\\items\\modal.php')
 3 SYSTEMPATH\View\View.php(216): CodeIgniter\View\View->CodeIgniter\View\{closure}()
 4 SYSTEMPATH\View\View.php(429): CodeIgniter\View\View->render('items/modal', null, true)
 5 APPPATH\Views\app.php(41): CodeIgniter\View\View->include('items/modal')
 6 SYSTEMPATH\View\View.php(213): include('APPPATH\\Views\\app.php')
 7 SYSTEMPATH\View\View.php(216): CodeIgniter\View\View->CodeIgniter\View\{closure}()
 8 SYSTEMPATH\View\View.php(229): CodeIgniter\View\View->render('app', [], true)
 9 SYSTEMPATH\Common.php(1135): CodeIgniter\View\View->render('pages/akm', [], true)
10 APPPATH\Controllers\Parkir.php(192): view('pages/akm', [...])
11 SYSTEMPATH\CodeIgniter.php(896): App\Controllers\Parkir->akm()
12 SYSTEMPATH\CodeIgniter.php(466): CodeIgniter\CodeIgniter->runController(Object(App\Controllers\Parkir))
13 SYSTEMPATH\CodeIgniter.php(349): CodeIgniter\CodeIgniter->handleRequest(null, Object(Config\Cache), false)
14 FCPATH\index.php(55): CodeIgniter\CodeIgniter->run()
15 SYSTEMPATH\Commands\Server\rewrite.php(43): require_once('FCPATH\\index.php')
CRITICAL - 2022-08-19 14:03:03 --> Undefined variable: date
in APPPATH\Views\items\modal.php on line 62.
 1 APPPATH\Views\items\modal.php(62): CodeIgniter\Debug\Exceptions->errorHandler(8, 'Undefined variable: date', 'APPPATH\\Views\\items\\modal.php', 62, [...])
 2 SYSTEMPATH\View\View.php(213): include('APPPATH\\Views\\items\\modal.php')
 3 SYSTEMPATH\View\View.php(216): CodeIgniter\View\View->CodeIgniter\View\{closure}()
 4 SYSTEMPATH\View\View.php(429): CodeIgniter\View\View->render('items/modal', null, true)
 5 APPPATH\Views\app.php(41): CodeIgniter\View\View->include('items/modal')
 6 SYSTEMPATH\View\View.php(213): include('APPPATH\\Views\\app.php')
 7 SYSTEMPATH\View\View.php(216): CodeIgniter\View\View->CodeIgniter\View\{closure}()
 8 SYSTEMPATH\View\View.php(229): CodeIgniter\View\View->render('app', [], true)
 9 SYSTEMPATH\Common.php(1135): CodeIgniter\View\View->render('pages/akm', [], true)
10 APPPATH\Controllers\Parkir.php(194): view('pages/akm', [...])
11 SYSTEMPATH\CodeIgniter.php(896): App\Controllers\Parkir->akm()
12 SYSTEMPATH\CodeIgniter.php(466): CodeIgniter\CodeIgniter->runController(Object(App\Controllers\Parkir))
13 SYSTEMPATH\CodeIgniter.php(349): CodeIgniter\CodeIgniter->handleRequest(null, Object(Config\Cache), false)
14 FCPATH\index.php(55): CodeIgniter\CodeIgniter->run()
15 SYSTEMPATH\Commands\Server\rewrite.php(43): require_once('FCPATH\\index.php')
CRITICAL - 2022-08-19 02:03:25 --> syntax error, unexpected '=>' (T_DOUBLE_ARROW), expecting ']'
in APPPATH\Controllers\Parkir.php on line 195.
 1 SYSTEMPATH\Autoloader\Autoloader.php(261): CodeIgniter\Autoloader\Autoloader->includeFile('APPPATH\\Controllers\\Parkir.php')
 2 SYSTEMPATH\Autoloader\Autoloader.php(239): CodeIgniter\Autoloader\Autoloader->loadInNamespace('App\\Controllers\\Parkir')
 3 [internal function]: CodeIgniter\Autoloader\Autoloader->loadClass('App\\Controllers\\Parkir')
 4 [internal function]: spl_autoload_call('App\\Controllers\\Parkir')
 5 SYSTEMPATH\CodeIgniter.php(846): class_exists('\\App\\Controllers\\Parkir', true)
 6 SYSTEMPATH\CodeIgniter.php(453): CodeIgniter\CodeIgniter->startController()
 7 SYSTEMPATH\CodeIgniter.php(349): CodeIgniter\CodeIgniter->handleRequest(null, Object(Config\Cache), false)
 8 FCPATH\index.php(55): CodeIgniter\CodeIgniter->run()
 9 SYSTEMPATH\Commands\Server\rewrite.php(43): require_once('FCPATH\\index.php')
CRITICAL - 2022-08-19 15:49:12 --> Undefined variable: grupJ
in APPPATH\Views\pages\akm.php on line 14.
 1 APPPATH\Views\pages\akm.php(14): CodeIgniter\Debug\Exceptions->errorHandler(8, 'Undefined variable: grupJ', 'APPPATH\\Views\\pages\\akm.php', 14, [...])
 2 SYSTEMPATH\View\View.php(213): include('APPPATH\\Views\\pages\\akm.php')
 3 SYSTEMPATH\View\View.php(216): CodeIgniter\View\View->CodeIgniter\View\{closure}()
 4 SYSTEMPATH\Common.php(1135): CodeIgniter\View\View->render('pages/akm', [], true)
 5 APPPATH\Controllers\Parkir.php(214): view('pages/akm', [...])
 6 SYSTEMPATH\CodeIgniter.php(896): App\Controllers\Parkir->akm()
 7 SYSTEMPATH\CodeIgniter.php(466): CodeIgniter\CodeIgniter->runController(Object(App\Controllers\Parkir))
 8 SYSTEMPATH\CodeIgniter.php(349): CodeIgniter\CodeIgniter->handleRequest(null, Object(Config\Cache), false)
 9 FCPATH\index.php(55): CodeIgniter\CodeIgniter->run()
10 SYSTEMPATH\Commands\Server\rewrite.php(43): require_once('FCPATH\\index.php')
CRITICAL - 2022-08-19 15:54:22 --> syntax error, unexpected '"', expecting ';' or ','
in APPPATH\Views\pages\akm.php on line 25.
 1 SYSTEMPATH\View\View.php(216): CodeIgniter\View\View->CodeIgniter\View\{closure}()
 2 SYSTEMPATH\Common.php(1135): CodeIgniter\View\View->render('pages/akm', [], true)
 3 APPPATH\Controllers\Parkir.php(213): view('pages/akm', [...])
 4 SYSTEMPATH\CodeIgniter.php(896): App\Controllers\Parkir->akm()
 5 SYSTEMPATH\CodeIgniter.php(466): CodeIgniter\CodeIgniter->runController(Object(App\Controllers\Parkir))
 6 SYSTEMPATH\CodeIgniter.php(349): CodeIgniter\CodeIgniter->handleRequest(null, Object(Config\Cache), false)
 7 FCPATH\index.php(55): CodeIgniter\CodeIgniter->run()
 8 SYSTEMPATH\Commands\Server\rewrite.php(43): require_once('FCPATH\\index.php')
CRITICAL - 2022-08-19 16:20:31 --> sizeof(): Parameter must be an array or an object that implements Countable
in APPPATH\Controllers\Parkir.php on line 56.
 1 [internal function]: CodeIgniter\Debug\Exceptions->errorHandler(2, 'sizeof(): Parameter must be an array or an object that implements Countable', 'APPPATH\\Controllers\\Parkir.php', 56, [...])
 2 APPPATH\Controllers\Parkir.php(56): sizeof('10')
 3 SYSTEMPATH\CodeIgniter.php(896): App\Controllers\Parkir->index()
 4 SYSTEMPATH\CodeIgniter.php(466): CodeIgniter\CodeIgniter->runController(Object(App\Controllers\Parkir))
 5 SYSTEMPATH\CodeIgniter.php(349): CodeIgniter\CodeIgniter->handleRequest(null, Object(Config\Cache), false)
 6 FCPATH\index.php(55): CodeIgniter\CodeIgniter->run()
 7 SYSTEMPATH\Commands\Server\rewrite.php(43): require_once('FCPATH\\index.php')
CRITICAL - 2022-08-19 16:23:57 --> Undefined variable: AKMVehicle
in APPPATH\Views\pages\main.php on line 44.
 1 APPPATH\Views\pages\main.php(44): CodeIgniter\Debug\Exceptions->errorHandler(8, 'Undefined variable: AKMVehicle', 'APPPATH\\Views\\pages\\main.php', 44, [...])
 2 SYSTEMPATH\View\View.php(213): include('APPPATH\\Views\\pages\\main.php')
 3 SYSTEMPATH\View\View.php(216): CodeIgniter\View\View->CodeIgniter\View\{closure}()
 4 SYSTEMPATH\Common.php(1135): CodeIgniter\View\View->render('pages/main', [], true)
 5 APPPATH\Controllers\Parkir.php(60): view('pages/main', [...])
 6 SYSTEMPATH\CodeIgniter.php(896): App\Controllers\Parkir->index()
 7 SYSTEMPATH\CodeIgniter.php(466): CodeIgniter\CodeIgniter->runController(Object(App\Controllers\Parkir))
 8 SYSTEMPATH\CodeIgniter.php(349): CodeIgniter\CodeIgniter->handleRequest(null, Object(Config\Cache), false)
 9 FCPATH\index.php(55): CodeIgniter\CodeIgniter->run()
10 SYSTEMPATH\Commands\Server\rewrite.php(43): require_once('FCPATH\\index.php')
