ERROR - 2025-07-25 16:59:57 --> Error connecting to the database: No connection could be made because the target machine actively refused it
CRITICAL - 2025-07-25 16:59:57 --> Unable to connect to the database.
Main connection [MySQLi]: No connection could be made because the target machine actively refused it
in SYSTEMPATH\Database\BaseConnection.php on line 416.
 1 SYSTEMPATH\Database\BaseConnection.php(586): CodeIgniter\Database\BaseConnection->initialize()
 2 SYSTEMPATH\Database\BaseBuilder.php(1585): CodeIgniter\Database\BaseConnection->query('SELECT *
FROM `tb_user`
WHERE `email` = :email:', [...], false)
 3 APPPATH\Models\ParkirModel.php(92): CodeIgniter\Database\BaseBuilder->get()
 4 APPPATH\Controllers\Parkir.php(278): App\Models\ParkirModel->_getUserByEmail('sukamto')
 5 SYSTEMPATH\CodeIgniter.php(898): App\Controllers\Parkir->authentication()
 6 SYSTEMPATH\CodeIgniter.php(468): CodeIgniter\CodeIgniter->runController(Object(App\Controllers\Parkir))
 7 SYSTEMPATH\CodeIgniter.php(351): CodeIgniter\CodeIgniter->handleRequest(null, Object(Config\Cache), false)
 8 FCPATH\index.php(55): CodeIgniter\CodeIgniter->run()
 9 SYSTEMPATH\Commands\Server\rewrite.php(43): require_once('FCPATH\\index.php')
ERROR - 2025-07-25 17:00:01 --> Error connecting to the database: No connection could be made because the target machine actively refused it
CRITICAL - 2025-07-25 17:00:01 --> Unable to connect to the database.
Main connection [MySQLi]: No connection could be made because the target machine actively refused it
in SYSTEMPATH\Database\BaseConnection.php on line 416.
 1 SYSTEMPATH\Database\BaseConnection.php(586): CodeIgniter\Database\BaseConnection->initialize()
 2 SYSTEMPATH\Database\BaseBuilder.php(1585): CodeIgniter\Database\BaseConnection->query('SELECT *
FROM `tb_user`
WHERE `email` = :email:', [...], false)
 3 APPPATH\Models\ParkirModel.php(92): CodeIgniter\Database\BaseBuilder->get()
 4 APPPATH\Controllers\Parkir.php(278): App\Models\ParkirModel->_getUserByEmail('sukamto')
 5 SYSTEMPATH\CodeIgniter.php(898): App\Controllers\Parkir->authentication()
 6 SYSTEMPATH\CodeIgniter.php(468): CodeIgniter\CodeIgniter->runController(Object(App\Controllers\Parkir))
 7 SYSTEMPATH\CodeIgniter.php(351): CodeIgniter\CodeIgniter->handleRequest(null, Object(Config\Cache), false)
 8 FCPATH\index.php(55): CodeIgniter\CodeIgniter->run()
 9 SYSTEMPATH\Commands\Server\rewrite.php(43): require_once('FCPATH\\index.php')
