ERROR - 2025-07-24 14:28:10 --> Incorrect DATE value: ''
CRITICAL - 2025-07-24 14:28:10 --> Incorrect DATE value: ''
in SYSTEMPATH\Database\MySQLi\Connection.php on line 292.
 1 SYSTEMPATH\Database\MySQLi\Connection.php(292): mysqli->query('SELECT *
FROM `tb_parking`
WHERE `grup` = \'B\'
AND `position` = \'1\'
AND `created_at` = \'\'', 0)
 2 SYSTEMPATH\Database\BaseConnection.php(695): CodeIgniter\Database\MySQLi\Connection->execute('SELECT *
FROM `tb_parking`
WHERE `grup` = \'B\'
AND `position` = \'1\'
AND `created_at` = \'\'')
 3 SYSTEMPATH\Database\BaseConnection.php(609): CodeIgniter\Database\BaseConnection->simpleQuery('SELECT *
FROM `tb_parking`
WHERE `grup` = \'B\'
AND `position` = \'1\'
AND `created_at` = \'\'')
 4 SYSTEMPATH\Database\BaseBuilder.php(1585): CodeIgniter\Database\BaseConnection->query('SELECT *
FROM `tb_parking`
WHERE `grup` = :grup:
AND `position` = :position:
AND `created_at` = :created_at:', [...], false)
 5 SYSTEMPATH\Model.php(771): CodeIgniter\Database\BaseBuilder->get()
 6 APPPATH\Controllers\Parkir.php(385): CodeIgniter\Model->__call('get', [])
 7 SYSTEMPATH\CodeIgniter.php(898): App\Controllers\Parkir->update_posisi()
 8 SYSTEMPATH\CodeIgniter.php(468): CodeIgniter\CodeIgniter->runController(Object(App\Controllers\Parkir))
 9 SYSTEMPATH\CodeIgniter.php(351): CodeIgniter\CodeIgniter->handleRequest(null, Object(Config\Cache), false)
10 FCPATH\index.php(55): CodeIgniter\CodeIgniter->run()
11 SYSTEMPATH\Commands\Server\rewrite.php(43): require_once('FCPATH\\index.php')
